Using penalty_sweep from FMRI_PENALTY_SWEEP_JSON with 7 candidates.
Using gamma_sweep from FMRI_GAMMA_SWEEP_JSON: [1.5]
optimization_with_motor_fix: prepare_data_func patched (spatial C_task from voxel-level mean |beta|).
Data mode: group-concat | base_path=/scratch/st-mmckeown-1/zkavian/fmri_opt_group/data/data_concatenated
Results directory: /scratch/st-mmckeown-1/zkavian/fmri_opt_group/results/ablation_study
Loaded 35 subject-session blocks for session-level EMPCA penalties.
INFO: Adding 59 fixed 90-trial block boundaries for transition safety: [90, 180, 270, 360, 450, 540, 630, 720]...
INFO: Using stored concatenated trial_keep mask for behavior alignment: /scratch/st-mmckeown-1/zkavian/fmri_opt_group/data/data_concatenated/trial_keep_concat_group.npy
Loaded group behavior matrix from manifest: /scratch/st-mmckeown-1/zkavian/fmri_opt_group/data/data_concatenated/concat_manifest_group.tsv
Combined active_flat_idx: (91769,)
Combined clean_active_bold: (91769, 5463, 9)
Combined active_coords: (3, 91769)
Using num_trials=5463, boundaries=[76, 90, 152, 180, 233, 270, 304, 360]....
Behavior matrix shape: (5463, 1)
Masked anatomical volume shape: (91, 109, 91), active voxels: 91769
Masked anatomical intensity range (finite): [4715.0, 7255.0]
Adjacency matrix (distance-weighted) shape: (91769, 91769), nnz=1090418, range: [0.028565500784550352, 0.1690133154060661]
Degree matrix shape: (91769, 91769), range: [0.028565500784550352, 1.356865901851001]
Loading existing EMPCA model from /scratch/st-mmckeown-1/zkavian/fmri_opt_group/results/ablation_study/empca_model_group.npy
Using 14 EMPCA components for 80% variance.
***bold_pca_components, number of trials: 5463
Running full alpha/gamma sweep (no combo index provided).
Constructed 10 folds using num_folds=10 (global-contiguous).
Fold test sizes: min=546, max=547, mean=546.30

===== Fold 1/10 =====
Test trials (1-based): 1-547
C_task session-average ranking check (trials=4916, task_sessions=32, beta_sessions=32, beta session transitions min/median/max=79/158.0/160): diag Pearson=0.9990, Spearman=1.0000, top8_overlap=8/8, max_abs_diag_delta=0.05072, pooled_top=[1, 2, 4, 3, 5, 6, 10, 9], session_top=[1, 2, 4, 3, 5, 6, 10, 9]
C_task session-average ranking check (trials=547, task_sessions=4, beta_sessions=4, beta session transitions min/median/max=79/148.5/157): diag Pearson=0.9996, Spearman=1.0000, top8_overlap=8/8, max_abs_diag_delta=0.0369, pooled_top=[1, 2, 5, 10, 4, 3, 12, 6], session_top=[1, 2, 5, 10, 4, 3, 12, 6]
  Corr matrix norms (train) num_fro=0.0116, den_fro=4.5752; (test) num_fro=0.0060, den_fro=4.5846
Fold 1: optimization with task=0.0, bold=0.6, beta=0.6, smooth=1.25, gamma=1.5
Optimization terminated successfully    (Exit mode 0)
            Current function value: 1.7100880288366387
            Iterations: 26
            Function evaluations: 39
            Gradient evaluations: 26
  Objective terms -> numerator: 1.127651, denominator: 0.659411
  Loss terms -> C_task: 0.0, C_bold: 0.1411072521609759, C_beta: 0.3864187596266858, C_smooth: 0.224346330758202
[test] task_penalty: 0.000000
[test] bold_penalty: 0.171780
[test] beta_penalty: 0.363198
[test] smooth_penalty: 0.224346
  Total loss (train objective): 1.710088
  Total loss (test objective):  2.023277
  Gamma-penalty ratio -> train: 1.710329, test: 2.026018
  Train metrics -> corr: -0.0012
  Test metrics  -> corr: 0.0344,
Fold 1: optimization with task=1.0, bold=0.0, beta=0.6, smooth=1.25, gamma=1.5
Optimization terminated successfully    (Exit mode 0)
            Current function value: 1.8365857303694524
            Iterations: 19
            Function evaluations: 28
            Gradient evaluations: 19
  Objective terms -> numerator: 3.561432, denominator: 1.939159
  Loss terms -> C_task: 0.33424269466647527, C_bold: 0.0, C_beta: 1.0882466915873878, C_smooth: 0.9521711236006924
[test] task_penalty: 0.765484
[test] bold_penalty: 0.000000
[test] beta_penalty: 1.131981
[test] smooth_penalty: 0.952171
  Total loss (train objective): 1.836586
  Total loss (test objective):  2.318040
  Gamma-penalty ratio -> train: 1.836874, test: 2.318877
  Train metrics -> corr: -0.0144
  Test metrics  -> corr: 0.0251,
Fold 1: optimization with task=1.0, bold=0.6, beta=0.0, smooth=1.25, gamma=1.5
Optimization terminated successfully    (Exit mode 0)
            Current function value: 1.5192824053804095
            Iterations: 21
            Function evaluations: 38
            Gradient evaluations: 21
  Objective terms -> numerator: 1.573271, denominator: 1.035536
  Loss terms -> C_task: 0.16015439272915175, C_bold: 0.25109371700020333, C_beta: 0.0, C_smooth: 0.6377240708499234
[test] task_penalty: 0.384960
[test] bold_penalty: 0.162405
[test] beta_penalty: 0.000000
[test] smooth_penalty: 0.637724
  Total loss (train objective): 1.519282
  Total loss (test objective):  1.312742
  Gamma-penalty ratio -> train: 1.519464, test: 1.313932
  Train metrics -> corr: -0.0054
  Test metrics  -> corr: -0.0265,
Fold 1: optimization with task=1.0, bold=0.6, beta=0.6, smooth=1.25, gamma=1.5
Optimization terminated successfully    (Exit mode 0)
            Current function value: 2.4501062960831614
            Iterations: 21
            Function evaluations: 38
            Gradient evaluations: 21
  Objective terms -> numerator: 2.618948, denominator: 1.068912
  Loss terms -> C_task: 0.16076963499111072, C_bold: 0.26951831685221006, C_beta: 0.6598969772021219, C_smooth: 0.6558956303068647
[test] task_penalty: 0.396681
[test] bold_penalty: 0.171228
[test] beta_penalty: 0.772073
[test] smooth_penalty: 0.655896
  Total loss (train objective): 2.450106
  Total loss (test objective):  2.217090
  Gamma-penalty ratio -> train: 2.450269, test: 2.218277
  Train metrics -> corr: -0.0039
  Test metrics  -> corr: -0.0290,
Fold 1: optimization with task=0.0, bold=0.6, beta=0.0, smooth=0.0, gamma=1.5
Optimization terminated successfully    (Exit mode 0)
            Current function value: 0.11306098763825569
            Iterations: 21
            Function evaluations: 25
            Gradient evaluations: 21
  Objective terms -> numerator: 0.113061, denominator: 1.000000
  Loss terms -> C_task: 0.0, C_bold: 0.0753729852264702, C_beta: 0.0, C_smooth: 0.0
[test] task_penalty: 0.000000
[test] bold_penalty: 0.104191
[test] beta_penalty: 0.000000
[test] smooth_penalty: 0.000000
  Total loss (train objective): 0.113061
  Total loss (test objective):  0.156288
  Gamma-penalty ratio -> train: 0.113061, test: 0.156288
  Train metrics -> corr: 0.0023
  Test metrics  -> corr: -0.0538,
Fold 1: optimization with task=0.0, bold=0.0, beta=0.6, smooth=0.0, gamma=1.5
Optimization terminated successfully    (Exit mode 0)
            Current function value: 0.15227313500193426
            Iterations: 15
            Function evaluations: 18
            Gradient evaluations: 15
  Objective terms -> numerator: 0.152273, denominator: 1.000000
  Loss terms -> C_task: 0.0, C_bold: 0.0, C_beta: 0.10151441718170912, C_smooth: 0.0
[test] task_penalty: 0.000000
[test] bold_penalty: 0.000000
[test] beta_penalty: 0.100922
[test] smooth_penalty: 0.000000
  Total loss (train objective): 0.152273
  Total loss (test objective):  0.151384
  Gamma-penalty ratio -> train: 0.152273, test: 0.151384
  Train metrics -> corr: -0.0167
  Test metrics  -> corr: -0.0083,
Fold 1: optimization with task=0.0, bold=0.0, beta=0.0, smooth=1.25, gamma=1.5
Optimization terminated successfully    (Exit mode 0)
            Current function value: 0.03164428382618419
            Iterations: 19
            Function evaluations: 29
            Gradient evaluations: 19
  Objective terms -> numerator: 0.031644, denominator: 1.000000
  Loss terms -> C_task: 0.0, C_bold: 0.0, C_beta: 0.0, C_smooth: 0.021095182569904874
[test] task_penalty: 0.000000
[test] bold_penalty: 0.000000
[test] beta_penalty: 0.000000
[test] smooth_penalty: 0.021095
  Total loss (train objective): 0.031644
  Total loss (test objective):  0.031644
  Gamma-penalty ratio -> train: 0.031644, test: 0.031644
  Train metrics -> corr: -0.0361
  Test metrics  -> corr: 0.0307,

===== Fold 2/10 =====
Test trials (1-based): 548-1094
C_task session-average ranking check (trials=4916, task_sessions=33, beta_sessions=33, beta session transitions min/median/max=5/158.0/160): diag Pearson=0.9984, Spearman=0.9956, top8_overlap=8/8, max_abs_diag_delta=0.05056, pooled_top=[1, 2, 4, 5, 3, 6, 10, 9], session_top=[1, 2, 4, 5, 3, 6, 10, 9]
C_task session-average ranking check (trials=547, task_sessions=4, beta_sessions=4, beta session transitions min/median/max=79/148.5/158): diag Pearson=0.9984, Spearman=0.9912, top8_overlap=8/8, max_abs_diag_delta=0.07274, pooled_top=[1, 2, 5, 4, 3, 6, 7, 10], session_top=[1, 2, 5, 3, 4, 6, 10, 7]
  Corr matrix norms (train) num_fro=0.0127, den_fro=4.5896; (test) num_fro=0.0073, den_fro=4.3919
Fold 2: optimization with task=0.0, bold=0.6, beta=0.6, smooth=1.25, gamma=1.5
Optimization terminated successfully    (Exit mode 0)
            Current function value: 1.7553581603062438
            Iterations: 27
            Function evaluations: 39
            Gradient evaluations: 27
  Objective terms -> numerator: 1.217280, denominator: 0.693466
  Loss terms -> C_task: 0.0, C_bold: 0.1418332649100121, C_beta: 0.42000333268698176, C_smooth: 0.24979372148993365
[test] task_penalty: 0.000000
[test] bold_penalty: 0.137832
[test] beta_penalty: 0.424569
[test] smooth_penalty: 0.249794
  Total loss (train objective): 1.755358
  Total loss (test objective):  1.359427
  Gamma-penalty ratio -> train: 1.755598, test: 1.361927
  Train metrics -> corr: 0.0034
  Test metrics  -> corr: -0.0020,
Fold 2: optimization with task=1.0, bold=0.0, beta=0.6, smooth=1.25, gamma=1.5
Optimization terminated successfully    (Exit mode 0)
            Current function value: 1.801442774203466
            Iterations: 20
            Function evaluations: 31
            Gradient evaluations: 20
  Objective terms -> numerator: 3.312679, denominator: 1.838903
  Loss terms -> C_task: 0.28845341651914497, C_bold: 0.0, C_beta: 1.0378066413503622, C_smooth: 0.8824870991405142
[test] task_penalty: 0.746073
[test] bold_penalty: 0.000000
[test] beta_penalty: 0.904673
[test] smooth_penalty: 0.882487
  Total loss (train objective): 1.801443
  Total loss (test objective):  2.555329
  Gamma-penalty ratio -> train: 1.801684, test: 2.556327
  Train metrics -> corr: -0.0124
  Test metrics  -> corr: -0.0402,
Fold 2: optimization with task=1.0, bold=0.6, beta=0.0, smooth=1.25, gamma=1.5
Optimization terminated successfully    (Exit mode 0)
            Current function value: 1.4126201953344906
            Iterations: 22
            Function evaluations: 38
            Gradient evaluations: 22
  Objective terms -> numerator: 1.463377, denominator: 1.035931
  Loss terms -> C_task: 0.1352072939895077, C_bold: 0.23253458676352257, C_beta: 0.0, C_smooth: 0.6079872004669234
[test] task_penalty: 0.511485
[test] bold_penalty: 0.174529
[test] beta_penalty: 0.000000
[test] smooth_penalty: 0.607987
  Total loss (train objective): 1.412620
  Total loss (test objective):  1.726407
  Gamma-penalty ratio -> train: 1.412831, test: 1.727727
  Train metrics -> corr: -0.0076
  Test metrics  -> corr: 0.0631,
Fold 2: optimization with task=1.0, bold=0.6, beta=0.6, smooth=1.25, gamma=1.5
Optimization terminated successfully    (Exit mode 0)
            Current function value: 2.347811927788661
            Iterations: 21
            Function evaluations: 38
            Gradient evaluations: 21
  Objective terms -> numerator: 2.491782, denominator: 1.061321
  Loss terms -> C_task: 0.14308702212481578, C_bold: 0.2427599254747966, C_beta: 0.6571668016750155, C_smooth: 0.6182942565004714
[test] task_penalty: 0.538296
[test] bold_penalty: 0.182517
[test] beta_penalty: 0.683377
[test] smooth_penalty: 0.618294
  Total loss (train objective): 2.347812
  Total loss (test objective):  2.695230
  Gamma-penalty ratio -> train: 2.347983, test: 2.696548
  Train metrics -> corr: -0.0047
  Test metrics  -> corr: 0.0612,
Fold 2: optimization with task=0.0, bold=0.6, beta=0.0, smooth=0.0, gamma=1.5
Optimization terminated successfully    (Exit mode 0)
            Current function value: 0.11369759858672818
            Iterations: 20
            Function evaluations: 24
            Gradient evaluations: 20
  Objective terms -> numerator: 0.113698, denominator: 1.000000
  Loss terms -> C_task: 0.0, C_bold: 0.07579739358704822, C_beta: 0.0, C_smooth: 0.0
[test] task_penalty: 0.000000
[test] bold_penalty: 0.096868
[test] beta_penalty: 0.000000
[test] smooth_penalty: 0.000000
  Total loss (train objective): 0.113698
  Total loss (test objective):  0.145304
  Gamma-penalty ratio -> train: 0.113698, test: 0.145304
  Train metrics -> corr: 0.0110
  Test metrics  -> corr: -0.0185,
Fold 2: optimization with task=0.0, bold=0.0, beta=0.6, smooth=0.0, gamma=1.5
Optimization terminated successfully    (Exit mode 0)
            Current function value: 0.14778712506441982
            Iterations: 16
            Function evaluations: 19
            Gradient evaluations: 16
  Objective terms -> numerator: 0.147787, denominator: 1.000000
  Loss terms -> C_task: 0.0, C_bold: 0.0, C_beta: 0.09852374381127975, C_smooth: 0.0
[test] task_penalty: 0.000000
[test] bold_penalty: 0.000000
[test] beta_penalty: 0.115680
[test] smooth_penalty: 0.000000
  Total loss (train objective): 0.147787
  Total loss (test objective):  0.173521
  Gamma-penalty ratio -> train: 0.147787, test: 0.173521
  Train metrics -> corr: -0.0062
  Test metrics  -> corr: -0.0445,
Fold 2: optimization with task=0.0, bold=0.0, beta=0.0, smooth=1.25, gamma=1.5
Optimization terminated successfully    (Exit mode 0)
            Current function value: 0.03164428382618419
            Iterations: 19
            Function evaluations: 29
            Gradient evaluations: 19
  Objective terms -> numerator: 0.031644, denominator: 1.000000
  Loss terms -> C_task: 0.0, C_bold: 0.0, C_beta: 0.0, C_smooth: 0.021095182569904874
[test] task_penalty: 0.000000
[test] bold_penalty: 0.000000
[test] beta_penalty: 0.000000
[test] smooth_penalty: 0.021095
  Total loss (train objective): 0.031644
  Total loss (test objective):  0.031644
  Gamma-penalty ratio -> train: 0.031644, test: 0.031644
  Train metrics -> corr: -0.0287
  Test metrics  -> corr: -0.0134,

===== Fold 3/10 =====
Test trials (1-based): 1095-1641
C_task session-average ranking check (trials=4916, task_sessions=32, beta_sessions=32, beta session transitions min/median/max=80/158.0/160): diag Pearson=0.9994, Spearman=1.0000, top8_overlap=8/8, max_abs_diag_delta=0.02725, pooled_top=[1, 2, 4, 5, 3, 6, 10, 9], session_top=[1, 2, 4, 5, 3, 6, 10, 9]
C_task session-average ranking check (trials=547, task_sessions=5, beta_sessions=5, beta session transitions min/median/max=5/144.0/158): diag Pearson=0.9513, Spearman=0.8989, top8_overlap=7/8, max_abs_diag_delta=0.1839, pooled_top=[1, 2, 4, 3, 6, 5, 9, 10], session_top=[1, 2, 3, 4, 6, 5, 13, 9]
  Corr matrix norms (train) num_fro=0.0115, den_fro=4.5603; (test) num_fro=0.0064, den_fro=4.7175
Fold 3: optimization with task=0.0, bold=0.6, beta=0.6, smooth=1.25, gamma=1.5
Optimization terminated successfully    (Exit mode 0)
            Current function value: 1.7309954302413109
            Iterations: 24
            Function evaluations: 38
            Gradient evaluations: 24
  Objective terms -> numerator: 1.317419, denominator: 0.761076
  Loss terms -> C_task: 0.0, C_bold: 0.14023187630339412, C_beta: 0.4625470348930645, C_smooth: 0.2756594694118485
[test] task_penalty: 0.000000
[test] bold_penalty: 0.174282
[test] beta_penalty: 0.423921
[test] smooth_penalty: 0.275659
  Total loss (train objective): 1.730995
  Total loss (test objective):  1.614322
  Gamma-penalty ratio -> train: 1.731310, test: 1.616132
  Train metrics -> corr: -0.0103
  Test metrics  -> corr: -0.0437,
Fold 3: optimization with task=1.0, bold=0.0, beta=0.6, smooth=1.25, gamma=1.5
Optimization terminated successfully    (Exit mode 0)
            Current function value: 1.8336213120947402
            Iterations: 20
            Function evaluations: 31
            Gradient evaluations: 20
  Objective terms -> numerator: 2.987308, denominator: 1.629185
  Loss terms -> C_task: 0.2529702022742758, C_bold: 0.0, C_beta: 0.9294308019210414, C_smooth: 0.8092474828828411
[test] task_penalty: 0.340799
[test] bold_penalty: 0.000000
[test] beta_penalty: 0.837945
[test] smooth_penalty: 0.809247
  Total loss (train objective): 1.833621
  Total loss (test objective):  2.428046
  Gamma-penalty ratio -> train: 1.833723, test: 2.429805
  Train metrics -> corr: 0.0021
  Test metrics  -> corr: 0.0782,
Fold 3: optimization with task=1.0, bold=0.6, beta=0.0, smooth=1.25, gamma=1.5
Optimization terminated successfully    (Exit mode 0)
            Current function value: 1.360952341647367
            Iterations: 21
            Function evaluations: 38
            Gradient evaluations: 21
  Objective terms -> numerator: 1.450006, denominator: 1.065435
  Loss terms -> C_task: 0.15876954788176817, C_bold: 0.21381492460644191, C_beta: 0.0, C_smooth: 0.5943643121135934
[test] task_penalty: 0.427105
[test] bold_penalty: 0.297089
[test] beta_penalty: 0.000000
[test] smooth_penalty: 0.594364
  Total loss (train objective): 1.360952
  Total loss (test objective):  2.674726
  Gamma-penalty ratio -> train: 1.361346, test: 2.677301
  Train metrics -> corr: -0.0156
  Test metrics  -> corr: 0.0686,
Fold 3: optimization with task=1.0, bold=0.6, beta=0.6, smooth=1.25, gamma=1.5
Optimization terminated successfully    (Exit mode 0)
            Current function value: 2.2713686729534617
            Iterations: 22
            Function evaluations: 41
            Gradient evaluations: 22
  Objective terms -> numerator: 2.441148, denominator: 1.074748
  Loss terms -> C_task: 0.15760953505477132, C_bold: 0.2172985863843621, C_beta: 0.6509456827872432, C_smooth: 0.6018238374524131
[test] task_penalty: 0.407414
[test] bold_penalty: 0.300640
[test] beta_penalty: 0.592428
[test] smooth_penalty: 0.601824
  Total loss (train objective): 2.271369
  Total loss (test objective):  3.827127
  Gamma-penalty ratio -> train: 2.271712, test: 3.829665
  Train metrics -> corr: -0.0140
  Test metrics  -> corr: 0.0667,
Fold 3: optimization with task=0.0, bold=0.6, beta=0.0, smooth=0.0, gamma=1.5
Optimization terminated successfully    (Exit mode 0)
            Current function value: 0.11539703580581183
            Iterations: 21
            Function evaluations: 25
            Gradient evaluations: 21
  Objective terms -> numerator: 0.115397, denominator: 1.000000
  Loss terms -> C_task: 0.0, C_bold: 0.0769303507603224, C_beta: 0.0, C_smooth: 0.0
[test] task_penalty: 0.000000
[test] bold_penalty: 0.084210
[test] beta_penalty: 0.000000
[test] smooth_penalty: 0.000000
  Total loss (train objective): 0.115397
  Total loss (test objective):  0.126317
  Gamma-penalty ratio -> train: 0.115397, test: 0.126317
  Train metrics -> corr: -0.0030
  Test metrics  -> corr: -0.0711,
Fold 3: optimization with task=0.0, bold=0.0, beta=0.6, smooth=0.0, gamma=1.5
Optimization terminated successfully    (Exit mode 0)
            Current function value: 0.14822532387072193
            Iterations: 15
            Function evaluations: 20
            Gradient evaluations: 15
  Objective terms -> numerator: 0.148225, denominator: 1.000000
  Loss terms -> C_task: 0.0, C_bold: 0.0, C_beta: 0.09881587633184405, C_smooth: 0.0
[test] task_penalty: 0.000000
[test] bold_penalty: 0.000000
[test] beta_penalty: 0.120094
[test] smooth_penalty: 0.000000
  Total loss (train objective): 0.148225
  Total loss (test objective):  0.180142
  Gamma-penalty ratio -> train: 0.148225, test: 0.180142
  Train metrics -> corr: -0.0072
  Test metrics  -> corr: -0.1359,
Fold 3: optimization with task=0.0, bold=0.0, beta=0.0, smooth=1.25, gamma=1.5
Optimization terminated successfully    (Exit mode 0)
            Current function value: 0.03164428382618419
            Iterations: 19
            Function evaluations: 29
            Gradient evaluations: 19
  Objective terms -> numerator: 0.031644, denominator: 1.000000
  Loss terms -> C_task: 0.0, C_bold: 0.0, C_beta: 0.0, C_smooth: 0.021095182569904874
[test] task_penalty: 0.000000
[test] bold_penalty: 0.000000
[test] beta_penalty: 0.000000
[test] smooth_penalty: 0.021095
  Total loss (train objective): 0.031644
  Total loss (test objective):  0.031644
  Gamma-penalty ratio -> train: 0.031644, test: 0.031644
  Train metrics -> corr: -0.0264
  Test metrics  -> corr: -0.1178,

===== Fold 4/10 =====
Test trials (1-based): 1642-2187
C_task session-average ranking check (trials=4917, task_sessions=33, beta_sessions=33, beta session transitions min/median/max=22/158.0/160): diag Pearson=0.9987, Spearman=0.9956, top8_overlap=8/8, max_abs_diag_delta=0.04128, pooled_top=[1, 2, 4, 3, 5, 6, 10, 9], session_top=[1, 2, 4, 3, 5, 6, 10, 9]
C_task session-average ranking check (trials=546, task_sessions=4, beta_sessions=4, beta session transitions min/median/max=80/146.5/159): diag Pearson=0.9978, Spearman=0.9780, top8_overlap=7/8, max_abs_diag_delta=0.06102, pooled_top=[1, 2, 6, 4, 5, 9, 3, 12], session_top=[1, 2, 6, 4, 5, 3, 9, 11]
  Corr matrix norms (train) num_fro=0.0113, den_fro=4.5572; (test) num_fro=0.0043, den_fro=5.3189
Fold 4: optimization with task=0.0, bold=0.6, beta=0.6, smooth=1.25, gamma=1.5
Optimization terminated successfully    (Exit mode 0)
            Current function value: 1.6719778689309015
            Iterations: 25
            Function evaluations: 41
            Gradient evaluations: 25
  Objective terms -> numerator: 1.168192, denominator: 0.698689
  Loss terms -> C_task: 0.0, C_bold: 0.13963347623638792, C_beta: 0.4197233631948167, C_smooth: 0.21959988415133447
[test] task_penalty: 0.000000
[test] bold_penalty: 0.170574
[test] beta_penalty: 0.277117
[test] smooth_penalty: 0.219600
  Total loss (train objective): 1.671978
  Total loss (test objective):  2.302400
  Gamma-penalty ratio -> train: 1.672327, test: 2.305057
  Train metrics -> corr: -0.0107
  Test metrics  -> corr: 0.0413,
Fold 4: optimization with task=1.0, bold=0.0, beta=0.6, smooth=1.25, gamma=1.5
Optimization terminated successfully    (Exit mode 0)
            Current function value: 1.8023662746395115
            Iterations: 18
            Function evaluations: 28
            Gradient evaluations: 18
  Objective terms -> numerator: 3.080580, denominator: 1.709186
  Loss terms -> C_task: 0.28267538370939926, C_bold: 0.0, C_beta: 0.9397700749978124, C_smooth: 0.8314639186606501
[test] task_penalty: 0.948158
[test] bold_penalty: 0.000000
[test] beta_penalty: 0.905083
[test] smooth_penalty: 0.831464
  Total loss (train objective): 1.802366
  Total loss (test objective):  2.949505
  Gamma-penalty ratio -> train: 1.802534, test: 2.950374
  Train metrics -> corr: 0.0085
  Test metrics  -> corr: 0.0734,
Fold 4: optimization with task=1.0, bold=0.6, beta=0.0, smooth=1.25, gamma=1.5
Optimization terminated successfully    (Exit mode 0)
            Current function value: 1.3971220959520585
            Iterations: 21
            Function evaluations: 39
            Gradient evaluations: 21
  Objective terms -> numerator: 1.451867, denominator: 1.039184
  Loss terms -> C_task: 0.15891183568465622, C_bold: 0.20994825776435394, C_beta: 0.0, C_smooth: 0.5992196649614421
[test] task_penalty: 0.999085
[test] bold_penalty: 0.229809
[test] beta_penalty: 0.000000
[test] smooth_penalty: 0.599220
  Total loss (train objective): 1.397122
  Total loss (test objective):  2.678032
  Gamma-penalty ratio -> train: 1.397367, test: 2.679177
  Train metrics -> corr: -0.0093
  Test metrics  -> corr: 0.0635,
Fold 4: optimization with task=1.0, bold=0.6, beta=0.6, smooth=1.25, gamma=1.5
Optimization terminated successfully    (Exit mode 0)
            Current function value: 2.293492325832827
            Iterations: 22
            Function evaluations: 39
            Gradient evaluations: 22
  Objective terms -> numerator: 2.446960, denominator: 1.066914
  Loss terms -> C_task: 0.15791299571167094, C_bold: 0.22138789361726371, C_beta: 0.6352994028071884, C_smooth: 0.6168507345327583
[test] task_penalty: 0.990543
[test] bold_penalty: 0.223095
[test] beta_penalty: 0.663680
[test] smooth_penalty: 0.616851
  Total loss (train objective): 2.293492
  Total loss (test objective):  3.700582
  Gamma-penalty ratio -> train: 2.293697, test: 3.701743
  Train metrics -> corr: -0.0072
  Test metrics  -> corr: 0.0661,
Fold 4: optimization with task=0.0, bold=0.6, beta=0.0, smooth=0.0, gamma=1.5
Optimization terminated successfully    (Exit mode 0)
            Current function value: 0.1057946511959954
            Iterations: 19
            Function evaluations: 22
            Gradient evaluations: 19
  Objective terms -> numerator: 0.105795, denominator: 1.000000
  Loss terms -> C_task: 0.0, C_bold: 0.07052876155617176, C_beta: 0.0, C_smooth: 0.0
[test] task_penalty: 0.000000
[test] bold_penalty: 0.156404
[test] beta_penalty: 0.000000
[test] smooth_penalty: 0.000000
  Total loss (train objective): 0.105795
  Total loss (test objective):  0.234608
  Gamma-penalty ratio -> train: 0.105795, test: 0.234608
  Train metrics -> corr: -0.0012
  Test metrics  -> corr: 0.0531,
Fold 4: optimization with task=0.0, bold=0.0, beta=0.6, smooth=0.0, gamma=1.5
Optimization terminated successfully    (Exit mode 0)
            Current function value: 0.1512941391326438
            Iterations: 15
            Function evaluations: 19
            Gradient evaluations: 15
  Objective terms -> numerator: 0.151294, denominator: 1.000000
  Loss terms -> C_task: 0.0, C_bold: 0.0, C_beta: 0.10086175279651026, C_smooth: 0.0
[test] task_penalty: 0.000000
[test] bold_penalty: 0.000000
[test] beta_penalty: 0.113890
[test] smooth_penalty: 0.000000
  Total loss (train objective): 0.151294
  Total loss (test objective):  0.170837
  Gamma-penalty ratio -> train: 0.151294, test: 0.170837
  Train metrics -> corr: -0.0192
  Test metrics  -> corr: -0.0186,
Fold 4: optimization with task=0.0, bold=0.0, beta=0.0, smooth=1.25, gamma=1.5
Optimization terminated successfully    (Exit mode 0)
            Current function value: 0.03164428382618419
            Iterations: 19
            Function evaluations: 29
            Gradient evaluations: 19
  Objective terms -> numerator: 0.031644, denominator: 1.000000
  Loss terms -> C_task: 0.0, C_bold: 0.0, C_beta: 0.0, C_smooth: 0.021095182569904874
[test] task_penalty: 0.000000
[test] bold_penalty: 0.000000
[test] beta_penalty: 0.000000
[test] smooth_penalty: 0.021095
  Total loss (train objective): 0.031644
  Total loss (test objective):  0.031644
  Gamma-penalty ratio -> train: 0.031644, test: 0.031644
  Train metrics -> corr: -0.0350
  Test metrics  -> corr: -0.0375,

===== Fold 5/10 =====
Test trials (1-based): 2188-2733
C_task session-average ranking check (trials=4917, task_sessions=32, beta_sessions=32, beta session transitions min/median/max=64/158.0/160): diag Pearson=0.9989, Spearman=1.0000, top8_overlap=8/8, max_abs_diag_delta=0.05562, pooled_top=[1, 2, 4, 5, 3, 6, 10, 9], session_top=[1, 2, 4, 5, 3, 6, 10, 9]
C_task session-average ranking check (trials=546, task_sessions=5, beta_sessions=5, beta session transitions min/median/max=22/134.0/147): diag Pearson=0.9984, Spearman=0.9868, top8_overlap=8/8, max_abs_diag_delta=0.09242, pooled_top=[1, 2, 6, 10, 3, 5, 4, 9], session_top=[1, 2, 6, 10, 3, 4, 5, 9]
  Corr matrix norms (train) num_fro=0.0047, den_fro=4.5518; (test) num_fro=0.3410, den_fro=4.8669
Fold 5: optimization with task=0.0, bold=0.6, beta=0.6, smooth=1.25, gamma=1.5
Optimization terminated successfully    (Exit mode 0)
            Current function value: 1.7045055863826217
            Iterations: 25
            Function evaluations: 39
            Gradient evaluations: 25
  Objective terms -> numerator: 1.099888, denominator: 0.645282
  Loss terms -> C_task: 0.0, C_bold: 0.14094975960248488, C_beta: 0.3921333431080419, C_smooth: 0.20066628614751705
[test] task_penalty: 0.000000
[test] bold_penalty: 0.170501
[test] beta_penalty: 0.355714
[test] smooth_penalty: 0.200666
  Total loss (train objective): 1.704506
  Total loss (test objective):  2.054655
  Gamma-penalty ratio -> train: 1.705649, test: 2.058065
  Train metrics -> corr: -0.0299
  Test metrics  -> corr: 0.0021,
Fold 5: optimization with task=1.0, bold=0.0, beta=0.6, smooth=1.25, gamma=1.5
Optimization terminated successfully    (Exit mode 0)
            Current function value: 1.8331044086601478
            Iterations: 20
            Function evaluations: 31
            Gradient evaluations: 20
  Objective terms -> numerator: 3.127530, denominator: 1.706139
  Loss terms -> C_task: 0.279769010525246, C_bold: 0.0, C_beta: 0.9595812059513575, C_smooth: 0.8458159631058718
[test] task_penalty: 0.654569
[test] bold_penalty: 0.000000
[test] beta_penalty: 0.809591
[test] smooth_penalty: 0.845816
  Total loss (train objective): 1.833104
  Total loss (test objective):  2.123703
  Gamma-penalty ratio -> train: 1.833234, test: 2.125946
  Train metrics -> corr: 0.0060
  Test metrics  -> corr: -0.0113,
Fold 5: optimization with task=1.0, bold=0.6, beta=0.0, smooth=1.25, gamma=1.5
Optimization terminated successfully    (Exit mode 0)
            Current function value: 1.4334635677749543
            Iterations: 22
            Function evaluations: 40
            Gradient evaluations: 22
  Objective terms -> numerator: 1.477025, denominator: 1.030389
  Loss terms -> C_task: 0.15233176932527223, C_bold: 0.2194688432919301, C_beta: 0.0, C_smooth: 0.6129907985979236
[test] task_penalty: 0.586835
[test] bold_penalty: 0.249468
[test] beta_penalty: 0.000000
[test] smooth_penalty: 0.612991
  Total loss (train objective): 1.433464
  Total loss (test objective):  1.914037
  Gamma-penalty ratio -> train: 1.433622, test: 1.916069
  Train metrics -> corr: -0.0019
  Test metrics  -> corr: -0.0377,
Fold 5: optimization with task=1.0, bold=0.6, beta=0.6, smooth=1.25, gamma=1.5
Optimization terminated successfully    (Exit mode 0)
            Current function value: 2.32656520732712
            Iterations: 22
            Function evaluations: 39
            Gradient evaluations: 22
  Objective terms -> numerator: 2.441761, denominator: 1.049513
  Loss terms -> C_task: 0.15294702665657153, C_bold: 0.22645978336613537, C_beta: 0.6237270979337937, C_smooth: 0.624813954152736
[test] task_penalty: 0.588840
[test] bold_penalty: 0.249810
[test] beta_penalty: 0.666109
[test] smooth_penalty: 0.624814
  Total loss (train objective): 2.326565
  Total loss (test objective):  2.804181
  Gamma-penalty ratio -> train: 2.326720, test: 2.805908
  Train metrics -> corr: -0.0014
  Test metrics  -> corr: -0.0347,
Fold 5: optimization with task=0.0, bold=0.6, beta=0.0, smooth=0.0, gamma=1.5
Optimization terminated successfully    (Exit mode 0)
            Current function value: 0.11320068473787684
            Iterations: 21
            Function evaluations: 25
            Gradient evaluations: 21
  Objective terms -> numerator: 0.113201, denominator: 1.000000
  Loss terms -> C_task: 0.0, C_bold: 0.0754661165919323, C_beta: 0.0, C_smooth: 0.0
[test] task_penalty: 0.000000
[test] bold_penalty: 0.100465
[test] beta_penalty: 0.000000
[test] smooth_penalty: 0.000000
  Total loss (train objective): 0.113201
  Total loss (test objective):  0.150700
  Gamma-penalty ratio -> train: 0.113201, test: 0.150700
  Train metrics -> corr: -0.0108
  Test metrics  -> corr: -0.0184,
Fold 5: optimization with task=0.0, bold=0.0, beta=0.6, smooth=0.0, gamma=1.5
Optimization terminated successfully    (Exit mode 0)
            Current function value: 0.15514699334776613
            Iterations: 15
            Function evaluations: 18
            Gradient evaluations: 15
  Objective terms -> numerator: 0.155147, denominator: 1.000000
  Loss terms -> C_task: 0.0, C_bold: 0.0, C_beta: 0.10343032281213149, C_smooth: 0.0
[test] task_penalty: 0.000000
[test] bold_penalty: 0.000000
[test] beta_penalty: 0.084282
[test] smooth_penalty: 0.000000
  Total loss (train objective): 0.155147
  Total loss (test objective):  0.126425
  Gamma-penalty ratio -> train: 0.155147, test: 0.126425
  Train metrics -> corr: 0.0005
  Test metrics  -> corr: -0.0736,
Fold 5: optimization with task=0.0, bold=0.0, beta=0.0, smooth=1.25, gamma=1.5
Optimization terminated successfully    (Exit mode 0)
            Current function value: 0.03164428382618419
            Iterations: 19
            Function evaluations: 29
            Gradient evaluations: 19
  Objective terms -> numerator: 0.031644, denominator: 1.000000
  Loss terms -> C_task: 0.0, C_bold: 0.0, C_beta: 0.0, C_smooth: 0.021095182569904874
[test] task_penalty: 0.000000
[test] bold_penalty: 0.000000
[test] beta_penalty: 0.000000
[test] smooth_penalty: 0.021095
  Total loss (train objective): 0.031644
  Total loss (test objective):  0.031644
  Gamma-penalty ratio -> train: 0.031644, test: 0.031644
  Train metrics -> corr: -0.0178
  Test metrics  -> corr: -0.0957,

===== Fold 6/10 =====
Test trials (1-based): 2734-3279
C_task session-average ranking check (trials=4917, task_sessions=33, beta_sessions=33, beta session transitions min/median/max=5/157.0/159): diag Pearson=0.9989, Spearman=0.9956, top8_overlap=8/8, max_abs_diag_delta=0.04491, pooled_top=[1, 2, 4, 5, 3, 6, 10, 9], session_top=[1, 2, 4, 5, 3, 6, 10, 9]
C_task session-average ranking check (trials=546, task_sessions=4, beta_sessions=4, beta session transitions min/median/max=64/155.0/160): diag Pearson=0.9986, Spearman=0.9824, top8_overlap=7/8, max_abs_diag_delta=0.05023, pooled_top=[1, 2, 4, 5, 3, 10, 6, 12], session_top=[1, 2, 4, 5, 3, 10, 6, 9]
  Corr matrix norms (train) num_fro=0.0104, den_fro=4.5321; (test) num_fro=0.0065, den_fro=5.1437
Fold 6: optimization with task=0.0, bold=0.6, beta=0.6, smooth=1.25, gamma=1.5
Optimization terminated successfully    (Exit mode 0)
            Current function value: 1.7151919881412065
            Iterations: 25
            Function evaluations: 42
            Gradient evaluations: 25
  Objective terms -> numerator: 1.154458, denominator: 0.673078
  Loss terms -> C_task: 0.0, C_bold: 0.14518807670861686, C_beta: 0.4069147718657018, C_smooth: 0.21767463492834682
[test] task_penalty: 0.000000
[test] bold_penalty: 0.123344
[test] beta_penalty: 0.390833
[test] smooth_penalty: 0.217675
  Total loss (train objective): 1.715192
  Total loss (test objective):  2.069791
  Gamma-penalty ratio -> train: 1.715504, test: 2.073052
  Train metrics -> corr: -0.0089
  Test metrics  -> corr: -0.0226,
Fold 6: optimization with task=1.0, bold=0.0, beta=0.6, smooth=1.25, gamma=1.5
Optimization terminated successfully    (Exit mode 0)
            Current function value: 1.879068481333214
            Iterations: 22
            Function evaluations: 33
            Gradient evaluations: 22
  Objective terms -> numerator: 2.843013, denominator: 1.512991
  Loss terms -> C_task: 0.26859791545088063, C_bold: 0.0, C_beta: 0.834081274184201, C_smooth: 0.7928356450733698
[test] task_penalty: 0.198573
[test] bold_penalty: 0.000000
[test] beta_penalty: 1.171610
[test] smooth_penalty: 0.792836
  Total loss (train objective): 1.879068
  Total loss (test objective):  1.416542
  Gamma-penalty ratio -> train: 1.879241, test: 1.417302
  Train metrics -> corr: -0.0083
  Test metrics  -> corr: -0.0083,
Fold 6: optimization with task=1.0, bold=0.6, beta=0.0, smooth=1.25, gamma=1.5
Optimization terminated successfully    (Exit mode 0)
            Current function value: 1.444775656686527
            Iterations: 22
            Function evaluations: 39
            Gradient evaluations: 22
  Objective terms -> numerator: 1.431853, denominator: 0.991056
  Loss terms -> C_task: 0.16322600335267531, C_bold: 0.20298060869354162, C_beta: 0.0, C_smooth: 0.5885035569594416
[test] task_penalty: 0.250740
[test] bold_penalty: 0.289624
[test] beta_penalty: 0.000000
[test] smooth_penalty: 0.588504
  Total loss (train objective): 1.444776
  Total loss (test objective):  1.294851
  Gamma-penalty ratio -> train: 1.444991, test: 1.296173
  Train metrics -> corr: -0.0076
  Test metrics  -> corr: -0.0084,
Fold 6: optimization with task=1.0, bold=0.6, beta=0.6, smooth=1.25, gamma=1.5
Optimization terminated successfully    (Exit mode 0)
            Current function value: 2.3264671410911153
            Iterations: 21
            Function evaluations: 38
            Gradient evaluations: 21
  Objective terms -> numerator: 2.326344, denominator: 0.999947
  Loss terms -> C_task: 0.16072110506949006, C_bold: 0.20862656854040448, C_beta: 0.5859930312940124, C_smooth: 0.5956858351505119
[test] task_penalty: 0.246539
[test] bold_penalty: 0.305827
[test] beta_penalty: 0.783090
[test] smooth_penalty: 0.595686
  Total loss (train objective): 2.326467
  Total loss (test objective):  2.146165
  Gamma-penalty ratio -> train: 2.326665, test: 2.147445
  Train metrics -> corr: -0.0064
  Test metrics  -> corr: -0.0070,
Fold 6: optimization with task=0.0, bold=0.6, beta=0.0, smooth=0.0, gamma=1.5
Optimization terminated successfully    (Exit mode 0)
            Current function value: 0.1208140927966382
            Iterations: 20
            Function evaluations: 23
            Gradient evaluations: 20
  Objective terms -> numerator: 0.120814, denominator: 1.000000
  Loss terms -> C_task: 0.0, C_bold: 0.08054172312606413, C_beta: 0.0, C_smooth: 0.0
[test] task_penalty: 0.000000
[test] bold_penalty: 0.051536
[test] beta_penalty: 0.000000
[test] smooth_penalty: 0.000000
  Total loss (train objective): 0.120814
  Total loss (test objective):  0.077305
  Gamma-penalty ratio -> train: 0.120814, test: 0.077305
  Train metrics -> corr: -0.0056
  Test metrics  -> corr: -0.0161,
Fold 6: optimization with task=0.0, bold=0.0, beta=0.6, smooth=0.0, gamma=1.5
Optimization terminated successfully    (Exit mode 0)
            Current function value: 0.15276548054453473
            Iterations: 15
            Function evaluations: 18
            Gradient evaluations: 15
  Objective terms -> numerator: 0.152765, denominator: 1.000000
  Loss terms -> C_task: 0.0, C_bold: 0.0, C_beta: 0.101842647222506, C_smooth: 0.0
[test] task_penalty: 0.000000
[test] bold_penalty: 0.000000
[test] beta_penalty: 0.077639
[test] smooth_penalty: 0.000000
  Total loss (train objective): 0.152765
  Total loss (test objective):  0.116460
  Gamma-penalty ratio -> train: 0.152765, test: 0.116460
  Train metrics -> corr: -0.0197
  Test metrics  -> corr: 0.0197,
Fold 6: optimization with task=0.0, bold=0.0, beta=0.0, smooth=1.25, gamma=1.5
Optimization terminated successfully    (Exit mode 0)
            Current function value: 0.03164428382618419
            Iterations: 19
            Function evaluations: 29
            Gradient evaluations: 19
  Objective terms -> numerator: 0.031644, denominator: 1.000000
  Loss terms -> C_task: 0.0, C_bold: 0.0, C_beta: 0.0, C_smooth: 0.021095182569904874
[test] task_penalty: 0.000000
[test] bold_penalty: 0.000000
[test] beta_penalty: 0.000000
[test] smooth_penalty: 0.021095
  Total loss (train objective): 0.031644
  Total loss (test objective):  0.031644
  Gamma-penalty ratio -> train: 0.031644, test: 0.031644
  Train metrics -> corr: -0.0342
  Test metrics  -> corr: -0.0526,

===== Fold 7/10 =====
Test trials (1-based): 3280-3825
C_task session-average ranking check (trials=4917, task_sessions=32, beta_sessions=32, beta session transitions min/median/max=96/157.5/160): diag Pearson=0.9990, Spearman=1.0000, top8_overlap=8/8, max_abs_diag_delta=0.04388, pooled_top=[1, 2, 4, 5, 3, 6, 10, 9], session_top=[1, 2, 4, 5, 3, 6, 10, 9]
C_task session-average ranking check (trials=546, task_sessions=5, beta_sessions=5, beta session transitions min/median/max=5/150.0/158): diag Pearson=0.9908, Spearman=0.9165, top8_overlap=7/8, max_abs_diag_delta=0.08552, pooled_top=[1, 2, 4, 3, 5, 10, 9, 6], session_top=[1, 2, 4, 3, 5, 10, 6, 7]
  Corr matrix norms (train) num_fro=0.0122, den_fro=4.5594; (test) num_fro=0.0058, den_fro=5.0056
Fold 7: optimization with task=0.0, bold=0.6, beta=0.6, smooth=1.25, gamma=1.5
Optimization terminated successfully    (Exit mode 0)
            Current function value: 1.7284539310060314
            Iterations: 24
            Function evaluations: 39
            Gradient evaluations: 24
  Objective terms -> numerator: 1.171343, denominator: 0.677682
  Loss terms -> C_task: 0.0, C_bold: 0.13349306569631234, C_beta: 0.4054785331785914, C_smooth: 0.24207283572368474
[test] task_penalty: 0.000000
[test] bold_penalty: 0.197667
[test] beta_penalty: 0.510422
[test] smooth_penalty: 0.242073
  Total loss (train objective): 1.728454
  Total loss (test objective):  1.841831
  Gamma-penalty ratio -> train: 1.728786, test: 1.843587
  Train metrics -> corr: -0.0098
  Test metrics  -> corr: 0.0522,
Fold 7: optimization with task=1.0, bold=0.0, beta=0.6, smooth=1.25, gamma=1.5
Optimization terminated successfully    (Exit mode 0)
            Current function value: 1.8203706940867117
            Iterations: 23
            Function evaluations: 33
            Gradient evaluations: 23
  Objective terms -> numerator: 3.291637, denominator: 1.808223
  Loss terms -> C_task: 0.3094675061309844, C_bold: 0.0, C_beta: 1.002792903588072, C_smooth: 0.8823455241087532
[test] task_penalty: 0.401248
[test] bold_penalty: 0.000000
[test] beta_penalty: 0.696417
[test] smooth_penalty: 0.882346
  Total loss (train objective): 1.820371
  Total loss (test objective):  2.301316
  Gamma-penalty ratio -> train: 1.820522, test: 2.302751
  Train metrics -> corr: 0.0079
  Test metrics  -> corr: 0.1588,
Fold 7: optimization with task=1.0, bold=0.6, beta=0.0, smooth=1.25, gamma=1.5
Optimization terminated successfully    (Exit mode 0)
            Current function value: 1.409743151888189
            Iterations: 21
            Function evaluations: 37
            Gradient evaluations: 21
  Objective terms -> numerator: 1.506188, denominator: 1.068413
  Loss terms -> C_task: 0.16793771504597033, C_bold: 0.22216348154581864, C_beta: 0.0, C_smooth: 0.6142020391547486
[test] task_penalty: 0.241506
[test] bold_penalty: 0.229632
[test] beta_penalty: 0.000000
[test] smooth_penalty: 0.614202
  Total loss (train objective): 1.409743
  Total loss (test objective):  2.211347
  Gamma-penalty ratio -> train: 1.409995, test: 2.213521
  Train metrics -> corr: -0.0101
  Test metrics  -> corr: 0.1817,
Fold 7: optimization with task=1.0, bold=0.6, beta=0.6, smooth=1.25, gamma=1.5
Optimization terminated successfully    (Exit mode 0)
            Current function value: 2.307629328167879
            Iterations: 23
            Function evaluations: 37
            Gradient evaluations: 23
  Objective terms -> numerator: 2.516411, denominator: 1.090475
  Loss terms -> C_task: 0.16942218729263303, C_bold: 0.23036459946948368, C_beta: 0.6506465820289988, C_smooth: 0.6273216370473075
[test] task_penalty: 0.259679
[test] bold_penalty: 0.236431
[test] beta_penalty: 0.482290
[test] smooth_penalty: 0.627322
  Total loss (train objective): 2.307629
  Total loss (test objective):  3.253793
  Gamma-penalty ratio -> train: 2.307833, test: 3.255938
  Train metrics -> corr: -0.0076
  Test metrics  -> corr: 0.1739,
Fold 7: optimization with task=0.0, bold=0.6, beta=0.0, smooth=0.0, gamma=1.5
Optimization terminated successfully    (Exit mode 0)
            Current function value: 0.11189043232302524
            Iterations: 20
            Function evaluations: 24
            Gradient evaluations: 20
  Objective terms -> numerator: 0.111890, denominator: 1.000000
  Loss terms -> C_task: 0.0, C_bold: 0.07459261530068681, C_beta: 0.0, C_smooth: 0.0
[test] task_penalty: 0.000000
[test] bold_penalty: 0.117990
[test] beta_penalty: 0.000000
[test] smooth_penalty: 0.000000
  Total loss (train objective): 0.111890
  Total loss (test objective):  0.176986
  Gamma-penalty ratio -> train: 0.111890, test: 0.176986
  Train metrics -> corr: -0.0086
  Test metrics  -> corr: 0.1695,
Fold 7: optimization with task=0.0, bold=0.0, beta=0.6, smooth=0.0, gamma=1.5
Optimization terminated successfully    (Exit mode 0)
            Current function value: 0.15337821337102436
            Iterations: 15
            Function evaluations: 20
            Gradient evaluations: 15
  Objective terms -> numerator: 0.153378, denominator: 1.000000
  Loss terms -> C_task: 0.0, C_bold: 0.0, C_beta: 0.10225113585278944, C_smooth: 0.0
[test] task_penalty: 0.000000
[test] bold_penalty: 0.000000
[test] beta_penalty: 0.090239
[test] smooth_penalty: 0.000000
  Total loss (train objective): 0.153378
  Total loss (test objective):  0.135360
  Gamma-penalty ratio -> train: 0.153378, test: 0.135360
  Train metrics -> corr: -0.0183
  Test metrics  -> corr: 0.1285,
Fold 7: optimization with task=0.0, bold=0.0, beta=0.0, smooth=1.25, gamma=1.5
Optimization terminated successfully    (Exit mode 0)
            Current function value: 0.03164428382618419
            Iterations: 19
            Function evaluations: 29
            Gradient evaluations: 19
  Objective terms -> numerator: 0.031644, denominator: 1.000000
  Loss terms -> C_task: 0.0, C_bold: 0.0, C_beta: 0.0, C_smooth: 0.021095182569904874
[test] task_penalty: 0.000000
[test] bold_penalty: 0.000000
[test] beta_penalty: 0.000000
[test] smooth_penalty: 0.021095
  Total loss (train objective): 0.031644
  Total loss (test objective):  0.031644
  Gamma-penalty ratio -> train: 0.031644, test: 0.031644
  Train metrics -> corr: -0.0355
  Test metrics  -> corr: 0.0813,

===== Fold 8/10 =====
Test trials (1-based): 3826-4371
C_task session-average ranking check (trials=4917, task_sessions=32, beta_sessions=32, beta session transitions min/median/max=61/157.5/160): diag Pearson=0.9993, Spearman=1.0000, top8_overlap=8/8, max_abs_diag_delta=0.0282, pooled_top=[1, 2, 4, 5, 3, 6, 10, 9], session_top=[1, 2, 4, 5, 3, 6, 10, 9]
C_task session-average ranking check (trials=546, task_sessions=5, beta_sessions=5, beta session transitions min/median/max=10/109.0/158): diag Pearson=0.9922, Spearman=0.9077, top8_overlap=6/8, max_abs_diag_delta=0.1226, pooled_top=[1, 2, 4, 3, 5, 6, 11, 10], session_top=[1, 2, 3, 4, 5, 9, 7, 6]
  Corr matrix norms (train) num_fro=0.0109, den_fro=4.5597; (test) num_fro=0.0064, den_fro=4.5528
Fold 8: optimization with task=0.0, bold=0.6, beta=0.6, smooth=1.25, gamma=1.5
Optimization terminated successfully    (Exit mode 0)
            Current function value: 1.7237703911402087
            Iterations: 27
            Function evaluations: 42
            Gradient evaluations: 27
  Objective terms -> numerator: 1.192474, denominator: 0.691782
  Loss terms -> C_task: 0.0, C_bold: 0.14369958890895543, C_beta: 0.4201737815464982, C_smooth: 0.23129625633253062
[test] task_penalty: 0.000000
[test] bold_penalty: 0.129126
[test] beta_penalty: 0.366220
[test] smooth_penalty: 0.231296
  Total loss (train objective): 1.723770
  Total loss (test objective):  1.722477
  Gamma-penalty ratio -> train: 1.724178, test: 1.725342
  Train metrics -> corr: -0.0134
  Test metrics  -> corr: 0.0925,
Fold 8: optimization with task=1.0, bold=0.0, beta=0.6, smooth=1.25, gamma=1.5
Optimization terminated successfully    (Exit mode 0)
            Current function value: 1.8355266141327469
            Iterations: 20
            Function evaluations: 31
            Gradient evaluations: 20
  Objective terms -> numerator: 3.117431, denominator: 1.698385
  Loss terms -> C_task: 0.2863768432846792, C_bold: 0.0, C_beta: 0.9533437176503733, C_smooth: 0.8387998460903988
[test] task_penalty: 0.654367
[test] bold_penalty: 0.000000
[test] beta_penalty: 1.010379
[test] smooth_penalty: 0.838800
  Total loss (train objective): 1.835527
  Total loss (test objective):  2.568723
  Gamma-penalty ratio -> train: 1.835733, test: 2.569852
  Train metrics -> corr: 0.0107
  Test metrics  -> corr: -0.0252,
Fold 8: optimization with task=1.0, bold=0.6, beta=0.0, smooth=1.25, gamma=1.5
Optimization terminated successfully    (Exit mode 0)
            Current function value: 1.4106402077620261
            Iterations: 23
            Function evaluations: 40
            Gradient evaluations: 23
  Objective terms -> numerator: 1.479196, denominator: 1.048599
  Loss terms -> C_task: 0.17238339849605808, C_bold: 0.21606972159547058, C_beta: 0.0, C_smooth: 0.5978327706910483
[test] task_penalty: 0.656277
[test] bold_penalty: 0.197878
[test] beta_penalty: 0.000000
[test] smooth_penalty: 0.597833
  Total loss (train objective): 1.410640
  Total loss (test objective):  2.339229
  Gamma-penalty ratio -> train: 1.410864, test: 2.341085
  Train metrics -> corr: -0.0086
  Test metrics  -> corr: 0.0653,
Fold 8: optimization with task=1.0, bold=0.6, beta=0.6, smooth=1.25, gamma=1.5
Optimization terminated successfully    (Exit mode 0)
            Current function value: 2.3196228238493877
            Iterations: 22
            Function evaluations: 38
            Gradient evaluations: 22
  Objective terms -> numerator: 2.475452, denominator: 1.067178
  Loss terms -> C_task: 0.16848698135842244, C_bold: 0.22477920162211779, C_beta: 0.6451710514776203, C_smooth: 0.6119970482098642
[test] task_penalty: 0.658040
[test] bold_penalty: 0.206696
[test] beta_penalty: 0.572791
[test] smooth_penalty: 0.611997
  Total loss (train objective): 2.319623
  Total loss (test objective):  3.227017
  Gamma-penalty ratio -> train: 2.319812, test: 3.228832
  Train metrics -> corr: -0.0064
  Test metrics  -> corr: 0.0597,
Fold 8: optimization with task=0.0, bold=0.6, beta=0.0, smooth=0.0, gamma=1.5
Optimization terminated successfully    (Exit mode 0)
            Current function value: 0.1175435066768439
            Iterations: 21
            Function evaluations: 25
            Gradient evaluations: 21
  Objective terms -> numerator: 0.117544, denominator: 1.000000
  Loss terms -> C_task: 0.0, C_bold: 0.07836133179105341, C_beta: 0.0, C_smooth: 0.0
[test] task_penalty: 0.000000
[test] bold_penalty: 0.068801
[test] beta_penalty: 0.000000
[test] smooth_penalty: 0.000000
  Total loss (train objective): 0.117544
  Total loss (test objective):  0.103203
  Gamma-penalty ratio -> train: 0.117543, test: 0.103203
  Train metrics -> corr: -0.0110
  Test metrics  -> corr: 0.1154,
Fold 8: optimization with task=0.0, bold=0.0, beta=0.6, smooth=0.0, gamma=1.5
Optimization terminated successfully    (Exit mode 0)
            Current function value: 0.1562442095848401
            Iterations: 16
            Function evaluations: 20
            Gradient evaluations: 16
  Objective terms -> numerator: 0.156244, denominator: 1.000000
  Loss terms -> C_task: 0.0, C_bold: 0.0, C_beta: 0.10416179980143644, C_smooth: 0.0
[test] task_penalty: 0.000000
[test] bold_penalty: 0.000000
[test] beta_penalty: 0.102731
[test] smooth_penalty: 0.000000
  Total loss (train objective): 0.156244
  Total loss (test objective):  0.154097
  Gamma-penalty ratio -> train: 0.156244, test: 0.154097
  Train metrics -> corr: -0.0255
  Test metrics  -> corr: 0.1148,
Fold 8: optimization with task=0.0, bold=0.0, beta=0.0, smooth=1.25, gamma=1.5
Optimization terminated successfully    (Exit mode 0)
            Current function value: 0.03164428382618419
            Iterations: 19
            Function evaluations: 29
            Gradient evaluations: 19
  Objective terms -> numerator: 0.031644, denominator: 1.000000
  Loss terms -> C_task: 0.0, C_bold: 0.0, C_beta: 0.0, C_smooth: 0.021095182569904874
[test] task_penalty: 0.000000
[test] bold_penalty: 0.000000
[test] beta_penalty: 0.000000
[test] smooth_penalty: 0.021095
  Total loss (train objective): 0.031644
  Total loss (test objective):  0.031644
  Gamma-penalty ratio -> train: 0.031644, test: 0.031644
  Train metrics -> corr: -0.0394
  Test metrics  -> corr: 0.1059,

===== Fold 9/10 =====
Test trials (1-based): 4372-4917
C_task session-average ranking check (trials=4917, task_sessions=33, beta_sessions=33, beta session transitions min/median/max=10/157.0/160): diag Pearson=0.9992, Spearman=0.9956, top8_overlap=8/8, max_abs_diag_delta=0.0438, pooled_top=[1, 2, 4, 5, 3, 6, 10, 9], session_top=[1, 2, 4, 5, 3, 6, 10, 9]
C_task session-average ranking check (trials=546, task_sessions=4, beta_sessions=4, beta session transitions min/median/max=69/152.5/159): diag Pearson=0.9936, Spearman=0.9780, top8_overlap=8/8, max_abs_diag_delta=0.08817, pooled_top=[1, 2, 3, 4, 6, 7, 5, 9], session_top=[1, 2, 4, 3, 5, 6, 7, 9]
  Corr matrix norms (train) num_fro=0.0112, den_fro=4.4707; (test) num_fro=0.0049, den_fro=5.9939
Fold 9: optimization with task=0.0, bold=0.6, beta=0.6, smooth=1.25, gamma=1.5
Optimization terminated successfully    (Exit mode 0)
            Current function value: 1.6876418982791708
            Iterations: 26
            Function evaluations: 39
            Gradient evaluations: 26
  Objective terms -> numerator: 1.282566, denominator: 0.759975
  Loss terms -> C_task: 0.0, C_bold: 0.14833495600605892, C_beta: 0.4551460179584563, C_smooth: 0.251727306455957
[test] task_penalty: 0.000000
[test] bold_penalty: 0.178223
[test] beta_penalty: 0.412940
[test] smooth_penalty: 0.251727
  Total loss (train objective): 1.687642
  Total loss (test objective):  2.148064
  Gamma-penalty ratio -> train: 1.687968, test: 2.150226
  Train metrics -> corr: -0.0107
  Test metrics  -> corr: -0.0512,
Fold 9: optimization with task=1.0, bold=0.0, beta=0.6, smooth=1.25, gamma=1.5
Optimization terminated successfully    (Exit mode 0)
            Current function value: 1.87032655802502
            Iterations: 22
            Function evaluations: 35
            Gradient evaluations: 22
  Objective terms -> numerator: 2.374634, denominator: 1.269636
  Loss terms -> C_task: 0.1784851631454077, C_bold: 0.0, C_beta: 0.744781671827817, C_smooth: 0.6599342422263115
[test] task_penalty: 0.288695
[test] bold_penalty: 0.000000
[test] beta_penalty: 0.685554
[test] smooth_penalty: 0.659934
  Total loss (train objective): 1.870327
  Total loss (test objective):  1.955979
  Gamma-penalty ratio -> train: 1.870460, test: 1.956990
  Train metrics -> corr: -0.0025
  Test metrics  -> corr: -0.0758,
Fold 9: optimization with task=1.0, bold=0.6, beta=0.0, smooth=1.25, gamma=1.5
Optimization terminated successfully    (Exit mode 0)
            Current function value: 1.386384495689206
            Iterations: 23
            Function evaluations: 41
            Gradient evaluations: 23
  Objective terms -> numerator: 1.458740, denominator: 1.052190
  Loss terms -> C_task: 0.17038761542989894, C_bold: 0.2136615986858155, C_beta: 0.0, C_smooth: 0.5886058761153226
[test] task_penalty: 0.237743
[test] bold_penalty: 0.204375
[test] beta_penalty: 0.000000
[test] smooth_penalty: 0.588606
  Total loss (train objective): 1.386384
  Total loss (test objective):  2.023025
  Gamma-penalty ratio -> train: 1.386616, test: 2.024688
  Train metrics -> corr: -0.0089
  Test metrics  -> corr: -0.0593,
Fold 9: optimization with task=1.0, bold=0.6, beta=0.6, smooth=1.25, gamma=1.5
Optimization terminated successfully    (Exit mode 0)
            Current function value: 2.2599317454344
            Iterations: 23
            Function evaluations: 41
            Gradient evaluations: 23
  Objective terms -> numerator: 2.378562, denominator: 1.052493
  Loss terms -> C_task: 0.1756354125172669, C_bold: 0.21248908423717897, C_beta: 0.6121302085701028, C_smooth: 0.5856229547001857
[test] task_penalty: 0.236359
[test] bold_penalty: 0.202359
[test] beta_penalty: 0.518393
[test] smooth_penalty: 0.585623
  Total loss (train objective): 2.259932
  Total loss (test objective):  3.084610
  Gamma-penalty ratio -> train: 2.260175, test: 3.086304
  Train metrics -> corr: -0.0095
  Test metrics  -> corr: -0.0580,
Fold 9: optimization with task=0.0, bold=0.6, beta=0.0, smooth=0.0, gamma=1.5
Optimization terminated successfully    (Exit mode 0)
            Current function value: 0.11656429781933869
            Iterations: 21
            Function evaluations: 25
            Gradient evaluations: 21
  Objective terms -> numerator: 0.116564, denominator: 1.000000
  Loss terms -> C_task: 0.0, C_bold: 0.0777085255242295, C_beta: 0.0, C_smooth: 0.0
[test] task_penalty: 0.000000
[test] bold_penalty: 0.072489
[test] beta_penalty: 0.000000
[test] smooth_penalty: 0.000000
  Total loss (train objective): 0.116564
  Total loss (test objective):  0.108735
  Gamma-penalty ratio -> train: 0.116564, test: 0.108735
  Train metrics -> corr: -0.0035
  Test metrics  -> corr: -0.0801,
Fold 9: optimization with task=0.0, bold=0.0, beta=0.6, smooth=0.0, gamma=1.5
Optimization terminated successfully    (Exit mode 0)
            Current function value: 0.15623899702086513
            Iterations: 15
            Function evaluations: 20
            Gradient evaluations: 15
  Objective terms -> numerator: 0.156239, denominator: 1.000000
  Loss terms -> C_task: 0.0, C_bold: 0.0, C_beta: 0.10415832483528842, C_smooth: 0.0
[test] task_penalty: 0.000000
[test] bold_penalty: 0.000000
[test] beta_penalty: 0.105790
[test] smooth_penalty: 0.000000
  Total loss (train objective): 0.156239
  Total loss (test objective):  0.158686
  Gamma-penalty ratio -> train: 0.156239, test: 0.158686
  Train metrics -> corr: -0.0181
  Test metrics  -> corr: -0.1406,
Fold 9: optimization with task=0.0, bold=0.0, beta=0.0, smooth=1.25, gamma=1.5
Optimization terminated successfully    (Exit mode 0)
            Current function value: 0.03164428382618419
            Iterations: 19
            Function evaluations: 29
            Gradient evaluations: 19
  Objective terms -> numerator: 0.031644, denominator: 1.000000
  Loss terms -> C_task: 0.0, C_bold: 0.0, C_beta: 0.0, C_smooth: 0.021095182569904874
[test] task_penalty: 0.000000
[test] bold_penalty: 0.000000
[test] beta_penalty: 0.000000
[test] smooth_penalty: 0.021095
  Total loss (train objective): 0.031644
  Total loss (test objective):  0.031644
  Gamma-penalty ratio -> train: 0.031644, test: 0.031644
  Train metrics -> corr: -0.0309
  Test metrics  -> corr: -0.1630,

===== Fold 10/10 =====
Test trials (1-based): 4918-5463
C_task session-average ranking check (trials=4917, task_sessions=32, beta_sessions=32, beta session transitions min/median/max=69/158.0/160): diag Pearson=0.9991, Spearman=0.9956, top8_overlap=8/8, max_abs_diag_delta=0.0422, pooled_top=[1, 2, 4, 3, 5, 6, 10, 9], session_top=[1, 2, 4, 5, 3, 6, 10, 9]
C_task session-average ranking check (trials=546, task_sessions=4, beta_sessions=4, beta session transitions min/median/max=88/143.0/158): diag Pearson=0.9986, Spearman=0.9912, top8_overlap=7/8, max_abs_diag_delta=0.03637, pooled_top=[2, 1, 4, 5, 6, 3, 9, 10], session_top=[2, 1, 5, 4, 6, 3, 9, 11]
  Corr matrix norms (train) num_fro=0.0134, den_fro=4.5367; (test) num_fro=0.0108, den_fro=4.9228
Fold 10: optimization with task=0.0, bold=0.6, beta=0.6, smooth=1.25, gamma=1.5
Optimization terminated successfully    (Exit mode 0)
            Current function value: 1.7302796669342093
            Iterations: 26
            Function evaluations: 37
            Gradient evaluations: 26
  Objective terms -> numerator: 1.237476, denominator: 0.715189
  Loss terms -> C_task: 0.0, C_bold: 0.14749020624695564, C_beta: 0.42523771807727634, C_smooth: 0.25236120823633634
[test] task_penalty: 0.000000
[test] bold_penalty: 0.104244
[test] beta_penalty: 0.468106
[test] smooth_penalty: 0.252361
  Total loss (train objective): 1.730280
  Total loss (test objective):  1.765613
  Gamma-penalty ratio -> train: 1.730502, test: 1.767890
  Train metrics -> corr: -0.0005
  Test metrics  -> corr: -0.0351,
Fold 10: optimization with task=1.0, bold=0.0, beta=0.6, smooth=1.25, gamma=1.5
Optimization terminated successfully    (Exit mode 0)
            Current function value: 1.8434213609993044
            Iterations: 22
            Function evaluations: 31
            Gradient evaluations: 22
  Objective terms -> numerator: 2.896243, denominator: 1.571123
  Loss terms -> C_task: 0.24799559603313331, C_bold: 0.0, C_beta: 0.8949859353433668, C_smooth: 0.7885493247314781
[test] task_penalty: 0.575228
[test] bold_penalty: 0.000000
[test] beta_penalty: 0.944794
[test] smooth_penalty: 0.788549
  Total loss (train objective): 1.843421
  Total loss (test objective):  1.908137
  Gamma-penalty ratio -> train: 1.844093, test: 1.910277
  Train metrics -> corr: -0.0239
  Test metrics  -> corr: 0.0845,
Fold 10: optimization with task=1.0, bold=0.6, beta=0.0, smooth=1.25, gamma=1.5
Optimization terminated successfully    (Exit mode 0)
            Current function value: 1.4092826681009032
            Iterations: 22
            Function evaluations: 38
            Gradient evaluations: 22
  Objective terms -> numerator: 1.445679, denominator: 1.025826
  Loss terms -> C_task: 0.15397422965740196, C_bold: 0.226923475744318, C_beta: 0.0, C_smooth: 0.5830329937584792
[test] task_penalty: 0.530314
[test] bold_penalty: 0.193978
[test] beta_penalty: 0.000000
[test] smooth_penalty: 0.583033
  Total loss (train objective): 1.409283
  Total loss (test objective):  1.752056
  Gamma-penalty ratio -> train: 1.409496, test: 1.755471
  Train metrics -> corr: 0.0076
  Test metrics  -> corr: -0.1095,
Fold 10: optimization with task=1.0, bold=0.6, beta=0.6, smooth=1.25, gamma=1.5
Optimization terminated successfully    (Exit mode 0)
            Current function value: 2.3246692535831293
            Iterations: 23
            Function evaluations: 37
            Gradient evaluations: 23
  Objective terms -> numerator: 2.425634, denominator: 1.043432
  Loss terms -> C_task: 0.15426779222671824, C_bold: 0.23127574944334944, C_beta: 0.6351078351643477, C_smooth: 0.5966055107491097
[test] task_penalty: 0.518388
[test] bold_penalty: 0.206665
[test] beta_penalty: 0.565246
[test] smooth_penalty: 0.596606
  Total loss (train objective): 2.324669
  Total loss (test objective):  2.486121
  Gamma-penalty ratio -> train: 2.324911, test: 2.489452
  Train metrics -> corr: 0.0095
  Test metrics  -> corr: -0.1077,
Fold 10: optimization with task=0.0, bold=0.6, beta=0.0, smooth=0.0, gamma=1.5
Optimization terminated successfully    (Exit mode 0)
            Current function value: 0.1225448871670312
            Iterations: 20
            Function evaluations: 23
            Gradient evaluations: 20
  Objective terms -> numerator: 0.122545, denominator: 1.000000
  Loss terms -> C_task: 0.0, C_bold: 0.08169558492593863, C_beta: 0.0, C_smooth: 0.0
[test] task_penalty: 0.000000
[test] bold_penalty: 0.058718
[test] beta_penalty: 0.000000
[test] smooth_penalty: 0.000000
  Total loss (train objective): 0.122545
  Total loss (test objective):  0.088079
  Gamma-penalty ratio -> train: 0.122545, test: 0.088079
  Train metrics -> corr: -0.0063
  Test metrics  -> corr: 0.0066,
Fold 10: optimization with task=0.0, bold=0.0, beta=0.6, smooth=0.0, gamma=1.5
Optimization terminated successfully    (Exit mode 0)
            Current function value: 0.15026957945410724
            Iterations: 15
            Function evaluations: 18
            Gradient evaluations: 15
  Objective terms -> numerator: 0.150270, denominator: 1.000000
  Loss terms -> C_task: 0.0, C_bold: 0.0, C_beta: 0.10017871384238626, C_smooth: 0.0
[test] task_penalty: 0.000000
[test] bold_penalty: 0.000000
[test] beta_penalty: 0.127335
[test] smooth_penalty: 0.000000
  Total loss (train objective): 0.150270
  Total loss (test objective):  0.191004
  Gamma-penalty ratio -> train: 0.150270, test: 0.191004
  Train metrics -> corr: -0.0391
  Test metrics  -> corr: 0.0994,
Fold 10: optimization with task=0.0, bold=0.0, beta=0.0, smooth=1.25, gamma=1.5
Optimization terminated successfully    (Exit mode 0)
            Current function value: 0.03164428382618419
            Iterations: 19
            Function evaluations: 29
            Gradient evaluations: 19
  Objective terms -> numerator: 0.031644, denominator: 1.000000
  Loss terms -> C_task: 0.0, C_bold: 0.0, C_beta: 0.0, C_smooth: 0.021095182569904874
[test] task_penalty: 0.000000
[test] bold_penalty: 0.000000
[test] beta_penalty: 0.000000
[test] smooth_penalty: 0.021095
  Total loss (train objective): 0.031644
  Total loss (test objective):  0.031644
  Gamma-penalty ratio -> train: 0.031644, test: 0.031644
  Train metrics -> corr: -0.0488
  Test metrics  -> corr: 0.0657,

===== Saving fold-wise metric box plots =====
  Saved train_corr fold plot for task=0, bold=0, beta=0, smooth=1.25, gamma=1.5 -> /scratch/st-mmckeown-1/zkavian/fmri_opt_group/results/ablation_study/train_corr_foldmetrics_sub9_ses1_task0_bold0_beta0_smooth1.25_gamma1.5.png
  Saved train_p fold plot for task=0, bold=0, beta=0, smooth=1.25, gamma=1.5 -> /scratch/st-mmckeown-1/zkavian/fmri_opt_group/results/ablation_study/train_p_foldmetrics_sub9_ses1_task0_bold0_beta0_smooth1.25_gamma1.5.png
  Saved test_corr fold plot for task=0, bold=0, beta=0, smooth=1.25, gamma=1.5 -> /scratch/st-mmckeown-1/zkavian/fmri_opt_group/results/ablation_study/test_corr_foldmetrics_sub9_ses1_task0_bold0_beta0_smooth1.25_gamma1.5.png
  Saved test_p fold plot for task=0, bold=0, beta=0, smooth=1.25, gamma=1.5 -> /scratch/st-mmckeown-1/zkavian/fmri_opt_group/results/ablation_study/test_p_foldmetrics_sub9_ses1_task0_bold0_beta0_smooth1.25_gamma1.5.png
  Saved train/test total loss fold plot for task=0, bold=0, beta=0, smooth=1.25, gamma=1.5 -> /scratch/st-mmckeown-1/zkavian/fmri_opt_group/results/ablation_study/total_loss_foldmetrics_sub9_ses1_task0_bold0_beta0_smooth1.25_gamma1.5_train_vs_test.png
  Saved gamma-penalty ratio fold plot for task=0, bold=0, beta=0, smooth=1.25, gamma=1.5 -> /scratch/st-mmckeown-1/zkavian/fmri_opt_group/results/ablation_study/gamma_penalty_ratio_foldmetrics_sub9_ses1_task0_bold0_beta0_smooth1.25_gamma1.5_train_vs_test.png
  Saved train_corr fold plot for task=0, bold=0, beta=0.6, smooth=0, gamma=1.5 -> /scratch/st-mmckeown-1/zkavian/fmri_opt_group/results/ablation_study/train_corr_foldmetrics_sub9_ses1_task0_bold0_beta0.6_smooth0_gamma1.5.png
  Saved train_p fold plot for task=0, bold=0, beta=0.6, smooth=0, gamma=1.5 -> /scratch/st-mmckeown-1/zkavian/fmri_opt_group/results/ablation_study/train_p_foldmetrics_sub9_ses1_task0_bold0_beta0.6_smooth0_gamma1.5.png
  Saved test_corr fold plot for task=0, bold=0, beta=0.6, smooth=0, gamma=1.5 -> /scratch/st-mmckeown-1/zkavian/fmri_opt_group/results/ablation_study/test_corr_foldmetrics_sub9_ses1_task0_bold0_beta0.6_smooth0_gamma1.5.png
  Saved test_p fold plot for task=0, bold=0, beta=0.6, smooth=0, gamma=1.5 -> /scratch/st-mmckeown-1/zkavian/fmri_opt_group/results/ablation_study/test_p_foldmetrics_sub9_ses1_task0_bold0_beta0.6_smooth0_gamma1.5.png
  Saved train/test total loss fold plot for task=0, bold=0, beta=0.6, smooth=0, gamma=1.5 -> /scratch/st-mmckeown-1/zkavian/fmri_opt_group/results/ablation_study/total_loss_foldmetrics_sub9_ses1_task0_bold0_beta0.6_smooth0_gamma1.5_train_vs_test.png
  Saved gamma-penalty ratio fold plot for task=0, bold=0, beta=0.6, smooth=0, gamma=1.5 -> /scratch/st-mmckeown-1/zkavian/fmri_opt_group/results/ablation_study/gamma_penalty_ratio_foldmetrics_sub9_ses1_task0_bold0_beta0.6_smooth0_gamma1.5_train_vs_test.png
  Saved train_corr fold plot for task=0, bold=0.6, beta=0, smooth=0, gamma=1.5 -> /scratch/st-mmckeown-1/zkavian/fmri_opt_group/results/ablation_study/train_corr_foldmetrics_sub9_ses1_task0_bold0.6_beta0_smooth0_gamma1.5.png
  Saved train_p fold plot for task=0, bold=0.6, beta=0, smooth=0, gamma=1.5 -> /scratch/st-mmckeown-1/zkavian/fmri_opt_group/results/ablation_study/train_p_foldmetrics_sub9_ses1_task0_bold0.6_beta0_smooth0_gamma1.5.png
  Saved test_corr fold plot for task=0, bold=0.6, beta=0, smooth=0, gamma=1.5 -> /scratch/st-mmckeown-1/zkavian/fmri_opt_group/results/ablation_study/test_corr_foldmetrics_sub9_ses1_task0_bold0.6_beta0_smooth0_gamma1.5.png
  Saved test_p fold plot for task=0, bold=0.6, beta=0, smooth=0, gamma=1.5 -> /scratch/st-mmckeown-1/zkavian/fmri_opt_group/results/ablation_study/test_p_foldmetrics_sub9_ses1_task0_bold0.6_beta0_smooth0_gamma1.5.png
  Saved train/test total loss fold plot for task=0, bold=0.6, beta=0, smooth=0, gamma=1.5 -> /scratch/st-mmckeown-1/zkavian/fmri_opt_group/results/ablation_study/total_loss_foldmetrics_sub9_ses1_task0_bold0.6_beta0_smooth0_gamma1.5_train_vs_test.png
  Saved gamma-penalty ratio fold plot for task=0, bold=0.6, beta=0, smooth=0, gamma=1.5 -> /scratch/st-mmckeown-1/zkavian/fmri_opt_group/results/ablation_study/gamma_penalty_ratio_foldmetrics_sub9_ses1_task0_bold0.6_beta0_smooth0_gamma1.5_train_vs_test.png
  Saved train_corr fold plot for task=0, bold=0.6, beta=0.6, smooth=1.25, gamma=1.5 -> /scratch/st-mmckeown-1/zkavian/fmri_opt_group/results/ablation_study/train_corr_foldmetrics_sub9_ses1_task0_bold0.6_beta0.6_smooth1.25_gamma1.5.png
  Saved train_p fold plot for task=0, bold=0.6, beta=0.6, smooth=1.25, gamma=1.5 -> /scratch/st-mmckeown-1/zkavian/fmri_opt_group/results/ablation_study/train_p_foldmetrics_sub9_ses1_task0_bold0.6_beta0.6_smooth1.25_gamma1.5.png
  Saved test_corr fold plot for task=0, bold=0.6, beta=0.6, smooth=1.25, gamma=1.5 -> /scratch/st-mmckeown-1/zkavian/fmri_opt_group/results/ablation_study/test_corr_foldmetrics_sub9_ses1_task0_bold0.6_beta0.6_smooth1.25_gamma1.5.png
  Saved test_p fold plot for task=0, bold=0.6, beta=0.6, smooth=1.25, gamma=1.5 -> /scratch/st-mmckeown-1/zkavian/fmri_opt_group/results/ablation_study/test_p_foldmetrics_sub9_ses1_task0_bold0.6_beta0.6_smooth1.25_gamma1.5.png
  Saved train/test total loss fold plot for task=0, bold=0.6, beta=0.6, smooth=1.25, gamma=1.5 -> /scratch/st-mmckeown-1/zkavian/fmri_opt_group/results/ablation_study/total_loss_foldmetrics_sub9_ses1_task0_bold0.6_beta0.6_smooth1.25_gamma1.5_train_vs_test.png
  Saved gamma-penalty ratio fold plot for task=0, bold=0.6, beta=0.6, smooth=1.25, gamma=1.5 -> /scratch/st-mmckeown-1/zkavian/fmri_opt_group/results/ablation_study/gamma_penalty_ratio_foldmetrics_sub9_ses1_task0_bold0.6_beta0.6_smooth1.25_gamma1.5_train_vs_test.png
  Saved train_corr fold plot for task=1, bold=0, beta=0.6, smooth=1.25, gamma=1.5 -> /scratch/st-mmckeown-1/zkavian/fmri_opt_group/results/ablation_study/train_corr_foldmetrics_sub9_ses1_task1_bold0_beta0.6_smooth1.25_gamma1.5.png
  Saved train_p fold plot for task=1, bold=0, beta=0.6, smooth=1.25, gamma=1.5 -> /scratch/st-mmckeown-1/zkavian/fmri_opt_group/results/ablation_study/train_p_foldmetrics_sub9_ses1_task1_bold0_beta0.6_smooth1.25_gamma1.5.png
  Saved test_corr fold plot for task=1, bold=0, beta=0.6, smooth=1.25, gamma=1.5 -> /scratch/st-mmckeown-1/zkavian/fmri_opt_group/results/ablation_study/test_corr_foldmetrics_sub9_ses1_task1_bold0_beta0.6_smooth1.25_gamma1.5.png
  Saved test_p fold plot for task=1, bold=0, beta=0.6, smooth=1.25, gamma=1.5 -> /scratch/st-mmckeown-1/zkavian/fmri_opt_group/results/ablation_study/test_p_foldmetrics_sub9_ses1_task1_bold0_beta0.6_smooth1.25_gamma1.5.png
  Saved train/test total loss fold plot for task=1, bold=0, beta=0.6, smooth=1.25, gamma=1.5 -> /scratch/st-mmckeown-1/zkavian/fmri_opt_group/results/ablation_study/total_loss_foldmetrics_sub9_ses1_task1_bold0_beta0.6_smooth1.25_gamma1.5_train_vs_test.png
  Saved gamma-penalty ratio fold plot for task=1, bold=0, beta=0.6, smooth=1.25, gamma=1.5 -> /scratch/st-mmckeown-1/zkavian/fmri_opt_group/results/ablation_study/gamma_penalty_ratio_foldmetrics_sub9_ses1_task1_bold0_beta0.6_smooth1.25_gamma1.5_train_vs_test.png
  Saved train_corr fold plot for task=1, bold=0.6, beta=0, smooth=1.25, gamma=1.5 -> /scratch/st-mmckeown-1/zkavian/fmri_opt_group/results/ablation_study/train_corr_foldmetrics_sub9_ses1_task1_bold0.6_beta0_smooth1.25_gamma1.5.png
  Saved train_p fold plot for task=1, bold=0.6, beta=0, smooth=1.25, gamma=1.5 -> /scratch/st-mmckeown-1/zkavian/fmri_opt_group/results/ablation_study/train_p_foldmetrics_sub9_ses1_task1_bold0.6_beta0_smooth1.25_gamma1.5.png
  Saved test_corr fold plot for task=1, bold=0.6, beta=0, smooth=1.25, gamma=1.5 -> /scratch/st-mmckeown-1/zkavian/fmri_opt_group/results/ablation_study/test_corr_foldmetrics_sub9_ses1_task1_bold0.6_beta0_smooth1.25_gamma1.5.png
  Saved test_p fold plot for task=1, bold=0.6, beta=0, smooth=1.25, gamma=1.5 -> /scratch/st-mmckeown-1/zkavian/fmri_opt_group/results/ablation_study/test_p_foldmetrics_sub9_ses1_task1_bold0.6_beta0_smooth1.25_gamma1.5.png
  Saved train/test total loss fold plot for task=1, bold=0.6, beta=0, smooth=1.25, gamma=1.5 -> /scratch/st-mmckeown-1/zkavian/fmri_opt_group/results/ablation_study/total_loss_foldmetrics_sub9_ses1_task1_bold0.6_beta0_smooth1.25_gamma1.5_train_vs_test.png
  Saved gamma-penalty ratio fold plot for task=1, bold=0.6, beta=0, smooth=1.25, gamma=1.5 -> /scratch/st-mmckeown-1/zkavian/fmri_opt_group/results/ablation_study/gamma_penalty_ratio_foldmetrics_sub9_ses1_task1_bold0.6_beta0_smooth1.25_gamma1.5_train_vs_test.png
  Saved train_corr fold plot for task=1, bold=0.6, beta=0.6, smooth=1.25, gamma=1.5 -> /scratch/st-mmckeown-1/zkavian/fmri_opt_group/results/ablation_study/train_corr_foldmetrics_sub9_ses1_task1_bold0.6_beta0.6_smooth1.25_gamma1.5.png
  Saved train_p fold plot for task=1, bold=0.6, beta=0.6, smooth=1.25, gamma=1.5 -> /scratch/st-mmckeown-1/zkavian/fmri_opt_group/results/ablation_study/train_p_foldmetrics_sub9_ses1_task1_bold0.6_beta0.6_smooth1.25_gamma1.5.png
  Saved test_corr fold plot for task=1, bold=0.6, beta=0.6, smooth=1.25, gamma=1.5 -> /scratch/st-mmckeown-1/zkavian/fmri_opt_group/results/ablation_study/test_corr_foldmetrics_sub9_ses1_task1_bold0.6_beta0.6_smooth1.25_gamma1.5.png
  Saved test_p fold plot for task=1, bold=0.6, beta=0.6, smooth=1.25, gamma=1.5 -> /scratch/st-mmckeown-1/zkavian/fmri_opt_group/results/ablation_study/test_p_foldmetrics_sub9_ses1_task1_bold0.6_beta0.6_smooth1.25_gamma1.5.png
  Saved train/test total loss fold plot for task=1, bold=0.6, beta=0.6, smooth=1.25, gamma=1.5 -> /scratch/st-mmckeown-1/zkavian/fmri_opt_group/results/ablation_study/total_loss_foldmetrics_sub9_ses1_task1_bold0.6_beta0.6_smooth1.25_gamma1.5_train_vs_test.png
  Saved gamma-penalty ratio fold plot for task=1, bold=0.6, beta=0.6, smooth=1.25, gamma=1.5 -> /scratch/st-mmckeown-1/zkavian/fmri_opt_group/results/ablation_study/gamma_penalty_ratio_foldmetrics_sub9_ses1_task1_bold0.6_beta0.6_smooth1.25_gamma1.5_train_vs_test.png

===== Saving fold-averaged spatial maps and projections =====
  ICC (weights across folds/voxels): 1.0000
==============================================
Bold Visualization Enhancement
==============================================
Input file: /scratch/st-mmckeown-1/zkavian/fmri_opt_group/results/ablation_study/voxel_weights_mean_foldavg_sub9_ses1_task0_bold0_beta0_smooth1.25_gamma1.5.nii.gz
Output prefix: /scratch/st-mmckeown-1/zkavian/fmri_opt_group/results/ablation_study/voxel_weights_mean_foldavg_sub9_ses1_task0_bold0_beta0_smooth1.25_gamma1.5_bold

Applying bold visualization enhancements...
  - NO smoothing (preserves original activations only)
  - Cluster filtering (min_size=100/75/50 voxels)
  - Multiple threshold levels (90th/95th/99th percentile)

Thresholds:
  90th percentile: 0.000
  95th percentile: 0.000
  99th percentile: 0.000
  99.9th percentile (vmax): 0.000

Cluster-filtered results:
  90th pctl (min_size=100): 10 clusters, 8517 voxels
  95th pctl (min_size=75): 8 clusters, 3745 voxels
  99th pctl (min_size=50): 4 clusters, 483 voxels

Generating visualizations...
Saved: /scratch/st-mmckeown-1/zkavian/fmri_opt_group/results/ablation_study/voxel_weights_mean_foldavg_sub9_ses1_task0_bold0_beta0_smooth1.25_gamma1.5_bold_thr90.html
Saved: /scratch/st-mmckeown-1/zkavian/fmri_opt_group/results/ablation_study/voxel_weights_mean_foldavg_sub9_ses1_task0_bold0_beta0_smooth1.25_gamma1.5_bold_thr90.png
Saved: /scratch/st-mmckeown-1/zkavian/fmri_opt_group/results/ablation_study/voxel_weights_mean_foldavg_sub9_ses1_task0_bold0_beta0_smooth1.25_gamma1.5_bold_thr90.nii.gz
Saved: /scratch/st-mmckeown-1/zkavian/fmri_opt_group/results/ablation_study/voxel_weights_mean_foldavg_sub9_ses1_task0_bold0_beta0_smooth1.25_gamma1.5_bold_thr95.html
Saved: /scratch/st-mmckeown-1/zkavian/fmri_opt_group/results/ablation_study/voxel_weights_mean_foldavg_sub9_ses1_task0_bold0_beta0_smooth1.25_gamma1.5_bold_thr95.png
Saved: /scratch/st-mmckeown-1/zkavian/fmri_opt_group/results/ablation_study/voxel_weights_mean_foldavg_sub9_ses1_task0_bold0_beta0_smooth1.25_gamma1.5_bold_thr95.nii.gz
Saved: /scratch/st-mmckeown-1/zkavian/fmri_opt_group/results/ablation_study/voxel_weights_mean_foldavg_sub9_ses1_task0_bold0_beta0_smooth1.25_gamma1.5_bold_thr99.html
Saved: /scratch/st-mmckeown-1/zkavian/fmri_opt_group/results/ablation_study/voxel_weights_mean_foldavg_sub9_ses1_task0_bold0_beta0_smooth1.25_gamma1.5_bold_thr99.png
Saved: /scratch/st-mmckeown-1/zkavian/fmri_opt_group/results/ablation_study/voxel_weights_mean_foldavg_sub9_ses1_task0_bold0_beta0_smooth1.25_gamma1.5_bold_thr99.nii.gz

Saved original activation map: /scratch/st-mmckeown-1/zkavian/fmri_opt_group/results/ablation_study/voxel_weights_mean_foldavg_sub9_ses1_task0_bold0_beta0_smooth1.25_gamma1.5_bold_original.nii.gz

Processing complete!
==============================================

  ICC (bold corr across folds/voxels): 0.9551
  ICC (beta corr across folds/voxels): 0.7468
  ICC (weights across folds/voxels): 0.9857
==============================================
Bold Visualization Enhancement
==============================================
Input file: /scratch/st-mmckeown-1/zkavian/fmri_opt_group/results/ablation_study/voxel_weights_mean_foldavg_sub9_ses1_task0_bold0_beta0.6_smooth0_gamma1.5.nii.gz
Output prefix: /scratch/st-mmckeown-1/zkavian/fmri_opt_group/results/ablation_study/voxel_weights_mean_foldavg_sub9_ses1_task0_bold0_beta0.6_smooth0_gamma1.5_bold

Applying bold visualization enhancements...
  - NO smoothing (preserves original activations only)
  - Cluster filtering (min_size=100/75/50 voxels)
  - Multiple threshold levels (90th/95th/99th percentile)

Thresholds:
  90th percentile: 0.000
  95th percentile: 0.000
  99th percentile: 0.000
  99.9th percentile (vmax): 0.000

Cluster-filtered results:
  90th pctl (min_size=100): 14 clusters, 6695 voxels
  95th pctl (min_size=75): 11 clusters, 3471 voxels
  99th pctl (min_size=50): 4 clusters, 562 voxels

Generating visualizations...
Saved: /scratch/st-mmckeown-1/zkavian/fmri_opt_group/results/ablation_study/voxel_weights_mean_foldavg_sub9_ses1_task0_bold0_beta0.6_smooth0_gamma1.5_bold_thr90.html
Saved: /scratch/st-mmckeown-1/zkavian/fmri_opt_group/results/ablation_study/voxel_weights_mean_foldavg_sub9_ses1_task0_bold0_beta0.6_smooth0_gamma1.5_bold_thr90.png
Saved: /scratch/st-mmckeown-1/zkavian/fmri_opt_group/results/ablation_study/voxel_weights_mean_foldavg_sub9_ses1_task0_bold0_beta0.6_smooth0_gamma1.5_bold_thr90.nii.gz
Saved: /scratch/st-mmckeown-1/zkavian/fmri_opt_group/results/ablation_study/voxel_weights_mean_foldavg_sub9_ses1_task0_bold0_beta0.6_smooth0_gamma1.5_bold_thr95.html
Saved: /scratch/st-mmckeown-1/zkavian/fmri_opt_group/results/ablation_study/voxel_weights_mean_foldavg_sub9_ses1_task0_bold0_beta0.6_smooth0_gamma1.5_bold_thr95.png
Saved: /scratch/st-mmckeown-1/zkavian/fmri_opt_group/results/ablation_study/voxel_weights_mean_foldavg_sub9_ses1_task0_bold0_beta0.6_smooth0_gamma1.5_bold_thr95.nii.gz
Saved: /scratch/st-mmckeown-1/zkavian/fmri_opt_group/results/ablation_study/voxel_weights_mean_foldavg_sub9_ses1_task0_bold0_beta0.6_smooth0_gamma1.5_bold_thr99.html
Saved: /scratch/st-mmckeown-1/zkavian/fmri_opt_group/results/ablation_study/voxel_weights_mean_foldavg_sub9_ses1_task0_bold0_beta0.6_smooth0_gamma1.5_bold_thr99.png
Saved: /scratch/st-mmckeown-1/zkavian/fmri_opt_group/results/ablation_study/voxel_weights_mean_foldavg_sub9_ses1_task0_bold0_beta0.6_smooth0_gamma1.5_bold_thr99.nii.gz

Saved original activation map: /scratch/st-mmckeown-1/zkavian/fmri_opt_group/results/ablation_study/voxel_weights_mean_foldavg_sub9_ses1_task0_bold0_beta0.6_smooth0_gamma1.5_bold_original.nii.gz

Processing complete!
==============================================

  ICC (bold corr across folds/voxels): 0.9425
  ICC (beta corr across folds/voxels): 0.7148
  ICC (weights across folds/voxels): 0.9527
==============================================
Bold Visualization Enhancement
==============================================
Input file: /scratch/st-mmckeown-1/zkavian/fmri_opt_group/results/ablation_study/voxel_weights_mean_foldavg_sub9_ses1_task0_bold0.6_beta0_smooth0_gamma1.5.nii.gz
Output prefix: /scratch/st-mmckeown-1/zkavian/fmri_opt_group/results/ablation_study/voxel_weights_mean_foldavg_sub9_ses1_task0_bold0.6_beta0_smooth0_gamma1.5_bold

Applying bold visualization enhancements...
  - NO smoothing (preserves original activations only)
  - Cluster filtering (min_size=100/75/50 voxels)
  - Multiple threshold levels (90th/95th/99th percentile)

Thresholds:
  90th percentile: 0.000
  95th percentile: 0.000
  99th percentile: 0.000
  99.9th percentile (vmax): 0.000

Cluster-filtered results:
  90th pctl (min_size=100): 15 clusters, 5115 voxels
  95th pctl (min_size=75): 9 clusters, 2262 voxels
  99th pctl (min_size=50): 2 clusters, 308 voxels

Generating visualizations...
Saved: /scratch/st-mmckeown-1/zkavian/fmri_opt_group/results/ablation_study/voxel_weights_mean_foldavg_sub9_ses1_task0_bold0.6_beta0_smooth0_gamma1.5_bold_thr90.html
Saved: /scratch/st-mmckeown-1/zkavian/fmri_opt_group/results/ablation_study/voxel_weights_mean_foldavg_sub9_ses1_task0_bold0.6_beta0_smooth0_gamma1.5_bold_thr90.png
Saved: /scratch/st-mmckeown-1/zkavian/fmri_opt_group/results/ablation_study/voxel_weights_mean_foldavg_sub9_ses1_task0_bold0.6_beta0_smooth0_gamma1.5_bold_thr90.nii.gz
Saved: /scratch/st-mmckeown-1/zkavian/fmri_opt_group/results/ablation_study/voxel_weights_mean_foldavg_sub9_ses1_task0_bold0.6_beta0_smooth0_gamma1.5_bold_thr95.html
Saved: /scratch/st-mmckeown-1/zkavian/fmri_opt_group/results/ablation_study/voxel_weights_mean_foldavg_sub9_ses1_task0_bold0.6_beta0_smooth0_gamma1.5_bold_thr95.png
Saved: /scratch/st-mmckeown-1/zkavian/fmri_opt_group/results/ablation_study/voxel_weights_mean_foldavg_sub9_ses1_task0_bold0.6_beta0_smooth0_gamma1.5_bold_thr95.nii.gz
Saved: /scratch/st-mmckeown-1/zkavian/fmri_opt_group/results/ablation_study/voxel_weights_mean_foldavg_sub9_ses1_task0_bold0.6_beta0_smooth0_gamma1.5_bold_thr99.html
Saved: /scratch/st-mmckeown-1/zkavian/fmri_opt_group/results/ablation_study/voxel_weights_mean_foldavg_sub9_ses1_task0_bold0.6_beta0_smooth0_gamma1.5_bold_thr99.png
Saved: /scratch/st-mmckeown-1/zkavian/fmri_opt_group/results/ablation_study/voxel_weights_mean_foldavg_sub9_ses1_task0_bold0.6_beta0_smooth0_gamma1.5_bold_thr99.nii.gz

Saved original activation map: /scratch/st-mmckeown-1/zkavian/fmri_opt_group/results/ablation_study/voxel_weights_mean_foldavg_sub9_ses1_task0_bold0.6_beta0_smooth0_gamma1.5_bold_original.nii.gz

Processing complete!
==============================================

  ICC (bold corr across folds/voxels): 0.8942
  ICC (beta corr across folds/voxels): 0.7216
  ICC (weights across folds/voxels): 0.9338
==============================================
Bold Visualization Enhancement
==============================================
Input file: /scratch/st-mmckeown-1/zkavian/fmri_opt_group/results/ablation_study/voxel_weights_mean_foldavg_sub9_ses1_task0_bold0.6_beta0.6_smooth1.25_gamma1.5.nii.gz
Output prefix: /scratch/st-mmckeown-1/zkavian/fmri_opt_group/results/ablation_study/voxel_weights_mean_foldavg_sub9_ses1_task0_bold0.6_beta0.6_smooth1.25_gamma1.5_bold

Applying bold visualization enhancements...
  - NO smoothing (preserves original activations only)
  - Cluster filtering (min_size=100/75/50 voxels)
  - Multiple threshold levels (90th/95th/99th percentile)

Thresholds:
  90th percentile: 0.000
  95th percentile: 0.000
  99th percentile: 0.000
  99.9th percentile (vmax): 0.000

Cluster-filtered results:
  90th pctl (min_size=100): 16 clusters, 7200 voxels
  95th pctl (min_size=75): 12 clusters, 3229 voxels
  99th pctl (min_size=50): 6 clusters, 538 voxels

Generating visualizations...
Saved: /scratch/st-mmckeown-1/zkavian/fmri_opt_group/results/ablation_study/voxel_weights_mean_foldavg_sub9_ses1_task0_bold0.6_beta0.6_smooth1.25_gamma1.5_bold_thr90.html
Saved: /scratch/st-mmckeown-1/zkavian/fmri_opt_group/results/ablation_study/voxel_weights_mean_foldavg_sub9_ses1_task0_bold0.6_beta0.6_smooth1.25_gamma1.5_bold_thr90.png
Saved: /scratch/st-mmckeown-1/zkavian/fmri_opt_group/results/ablation_study/voxel_weights_mean_foldavg_sub9_ses1_task0_bold0.6_beta0.6_smooth1.25_gamma1.5_bold_thr90.nii.gz
Saved: /scratch/st-mmckeown-1/zkavian/fmri_opt_group/results/ablation_study/voxel_weights_mean_foldavg_sub9_ses1_task0_bold0.6_beta0.6_smooth1.25_gamma1.5_bold_thr95.html
Saved: /scratch/st-mmckeown-1/zkavian/fmri_opt_group/results/ablation_study/voxel_weights_mean_foldavg_sub9_ses1_task0_bold0.6_beta0.6_smooth1.25_gamma1.5_bold_thr95.png
Saved: /scratch/st-mmckeown-1/zkavian/fmri_opt_group/results/ablation_study/voxel_weights_mean_foldavg_sub9_ses1_task0_bold0.6_beta0.6_smooth1.25_gamma1.5_bold_thr95.nii.gz
Saved: /scratch/st-mmckeown-1/zkavian/fmri_opt_group/results/ablation_study/voxel_weights_mean_foldavg_sub9_ses1_task0_bold0.6_beta0.6_smooth1.25_gamma1.5_bold_thr99.html
Saved: /scratch/st-mmckeown-1/zkavian/fmri_opt_group/results/ablation_study/voxel_weights_mean_foldavg_sub9_ses1_task0_bold0.6_beta0.6_smooth1.25_gamma1.5_bold_thr99.png
Saved: /scratch/st-mmckeown-1/zkavian/fmri_opt_group/results/ablation_study/voxel_weights_mean_foldavg_sub9_ses1_task0_bold0.6_beta0.6_smooth1.25_gamma1.5_bold_thr99.nii.gz

Saved original activation map: /scratch/st-mmckeown-1/zkavian/fmri_opt_group/results/ablation_study/voxel_weights_mean_foldavg_sub9_ses1_task0_bold0.6_beta0.6_smooth1.25_gamma1.5_bold_original.nii.gz

Processing complete!
==============================================

  ICC (bold corr across folds/voxels): 0.8873
  ICC (beta corr across folds/voxels): 0.6131
  ICC (weights across folds/voxels): 0.9643
==============================================
Bold Visualization Enhancement
==============================================
Input file: /scratch/st-mmckeown-1/zkavian/fmri_opt_group/results/ablation_study/voxel_weights_mean_foldavg_sub9_ses1_task1_bold0_beta0.6_smooth1.25_gamma1.5.nii.gz
Output prefix: /scratch/st-mmckeown-1/zkavian/fmri_opt_group/results/ablation_study/voxel_weights_mean_foldavg_sub9_ses1_task1_bold0_beta0.6_smooth1.25_gamma1.5_bold

Applying bold visualization enhancements...
  - NO smoothing (preserves original activations only)
  - Cluster filtering (min_size=100/75/50 voxels)
  - Multiple threshold levels (90th/95th/99th percentile)

Thresholds:
  90th percentile: 0.000
  95th percentile: 0.000
  99th percentile: 0.001
  99.9th percentile (vmax): 0.001

Cluster-filtered results:
  90th pctl (min_size=100): 20 clusters, 6104 voxels
  95th pctl (min_size=75): 12 clusters, 2589 voxels
  99th pctl (min_size=50): 3 clusters, 404 voxels

Generating visualizations...
Saved: /scratch/st-mmckeown-1/zkavian/fmri_opt_group/results/ablation_study/voxel_weights_mean_foldavg_sub9_ses1_task1_bold0_beta0.6_smooth1.25_gamma1.5_bold_thr90.html
Saved: /scratch/st-mmckeown-1/zkavian/fmri_opt_group/results/ablation_study/voxel_weights_mean_foldavg_sub9_ses1_task1_bold0_beta0.6_smooth1.25_gamma1.5_bold_thr90.png
Saved: /scratch/st-mmckeown-1/zkavian/fmri_opt_group/results/ablation_study/voxel_weights_mean_foldavg_sub9_ses1_task1_bold0_beta0.6_smooth1.25_gamma1.5_bold_thr90.nii.gz
Saved: /scratch/st-mmckeown-1/zkavian/fmri_opt_group/results/ablation_study/voxel_weights_mean_foldavg_sub9_ses1_task1_bold0_beta0.6_smooth1.25_gamma1.5_bold_thr95.html
Saved: /scratch/st-mmckeown-1/zkavian/fmri_opt_group/results/ablation_study/voxel_weights_mean_foldavg_sub9_ses1_task1_bold0_beta0.6_smooth1.25_gamma1.5_bold_thr95.png
Saved: /scratch/st-mmckeown-1/zkavian/fmri_opt_group/results/ablation_study/voxel_weights_mean_foldavg_sub9_ses1_task1_bold0_beta0.6_smooth1.25_gamma1.5_bold_thr95.nii.gz
Saved: /scratch/st-mmckeown-1/zkavian/fmri_opt_group/results/ablation_study/voxel_weights_mean_foldavg_sub9_ses1_task1_bold0_beta0.6_smooth1.25_gamma1.5_bold_thr99.html
Saved: /scratch/st-mmckeown-1/zkavian/fmri_opt_group/results/ablation_study/voxel_weights_mean_foldavg_sub9_ses1_task1_bold0_beta0.6_smooth1.25_gamma1.5_bold_thr99.png
Saved: /scratch/st-mmckeown-1/zkavian/fmri_opt_group/results/ablation_study/voxel_weights_mean_foldavg_sub9_ses1_task1_bold0_beta0.6_smooth1.25_gamma1.5_bold_thr99.nii.gz

Saved original activation map: /scratch/st-mmckeown-1/zkavian/fmri_opt_group/results/ablation_study/voxel_weights_mean_foldavg_sub9_ses1_task1_bold0_beta0.6_smooth1.25_gamma1.5_bold_original.nii.gz

Processing complete!
==============================================

  ICC (bold corr across folds/voxels): 0.8165
  ICC (beta corr across folds/voxels): 0.7552
  ICC (weights across folds/voxels): 0.9836
==============================================
Bold Visualization Enhancement
==============================================
Input file: /scratch/st-mmckeown-1/zkavian/fmri_opt_group/results/ablation_study/voxel_weights_mean_foldavg_sub9_ses1_task1_bold0.6_beta0_smooth1.25_gamma1.5.nii.gz
Output prefix: /scratch/st-mmckeown-1/zkavian/fmri_opt_group/results/ablation_study/voxel_weights_mean_foldavg_sub9_ses1_task1_bold0.6_beta0_smooth1.25_gamma1.5_bold

Applying bold visualization enhancements...
  - NO smoothing (preserves original activations only)
  - Cluster filtering (min_size=100/75/50 voxels)
  - Multiple threshold levels (90th/95th/99th percentile)

Thresholds:
  90th percentile: 0.000
  95th percentile: 0.000
  99th percentile: 0.001
  99.9th percentile (vmax): 0.001

Cluster-filtered results:
  90th pctl (min_size=100): 18 clusters, 6154 voxels
  95th pctl (min_size=75): 13 clusters, 3042 voxels
  99th pctl (min_size=50): 4 clusters, 409 voxels

Generating visualizations...
Saved: /scratch/st-mmckeown-1/zkavian/fmri_opt_group/results/ablation_study/voxel_weights_mean_foldavg_sub9_ses1_task1_bold0.6_beta0_smooth1.25_gamma1.5_bold_thr90.html
Saved: /scratch/st-mmckeown-1/zkavian/fmri_opt_group/results/ablation_study/voxel_weights_mean_foldavg_sub9_ses1_task1_bold0.6_beta0_smooth1.25_gamma1.5_bold_thr90.png
Saved: /scratch/st-mmckeown-1/zkavian/fmri_opt_group/results/ablation_study/voxel_weights_mean_foldavg_sub9_ses1_task1_bold0.6_beta0_smooth1.25_gamma1.5_bold_thr90.nii.gz
Saved: /scratch/st-mmckeown-1/zkavian/fmri_opt_group/results/ablation_study/voxel_weights_mean_foldavg_sub9_ses1_task1_bold0.6_beta0_smooth1.25_gamma1.5_bold_thr95.html
Saved: /scratch/st-mmckeown-1/zkavian/fmri_opt_group/results/ablation_study/voxel_weights_mean_foldavg_sub9_ses1_task1_bold0.6_beta0_smooth1.25_gamma1.5_bold_thr95.png
Saved: /scratch/st-mmckeown-1/zkavian/fmri_opt_group/results/ablation_study/voxel_weights_mean_foldavg_sub9_ses1_task1_bold0.6_beta0_smooth1.25_gamma1.5_bold_thr95.nii.gz
Saved: /scratch/st-mmckeown-1/zkavian/fmri_opt_group/results/ablation_study/voxel_weights_mean_foldavg_sub9_ses1_task1_bold0.6_beta0_smooth1.25_gamma1.5_bold_thr99.html
Saved: /scratch/st-mmckeown-1/zkavian/fmri_opt_group/results/ablation_study/voxel_weights_mean_foldavg_sub9_ses1_task1_bold0.6_beta0_smooth1.25_gamma1.5_bold_thr99.png
Saved: /scratch/st-mmckeown-1/zkavian/fmri_opt_group/results/ablation_study/voxel_weights_mean_foldavg_sub9_ses1_task1_bold0.6_beta0_smooth1.25_gamma1.5_bold_thr99.nii.gz

Saved original activation map: /scratch/st-mmckeown-1/zkavian/fmri_opt_group/results/ablation_study/voxel_weights_mean_foldavg_sub9_ses1_task1_bold0.6_beta0_smooth1.25_gamma1.5_bold_original.nii.gz

Processing complete!
==============================================

  ICC (bold corr across folds/voxels): 0.8611
  ICC (beta corr across folds/voxels): 0.7830
  ICC (weights across folds/voxels): 0.9784
==============================================
Bold Visualization Enhancement
==============================================
Input file: /scratch/st-mmckeown-1/zkavian/fmri_opt_group/results/ablation_study/voxel_weights_mean_foldavg_sub9_ses1_task1_bold0.6_beta0.6_smooth1.25_gamma1.5.nii.gz
Output prefix: /scratch/st-mmckeown-1/zkavian/fmri_opt_group/results/ablation_study/voxel_weights_mean_foldavg_sub9_ses1_task1_bold0.6_beta0.6_smooth1.25_gamma1.5_bold

Applying bold visualization enhancements...
  - NO smoothing (preserves original activations only)
  - Cluster filtering (min_size=100/75/50 voxels)
  - Multiple threshold levels (90th/95th/99th percentile)

Thresholds:
  90th percentile: 0.000
  95th percentile: 0.000
  99th percentile: 0.001
  99.9th percentile (vmax): 0.001

Cluster-filtered results:
  90th pctl (min_size=100): 19 clusters, 6252 voxels
  95th pctl (min_size=75): 13 clusters, 3030 voxels
  99th pctl (min_size=50): 4 clusters, 426 voxels

Generating visualizations...
Saved: /scratch/st-mmckeown-1/zkavian/fmri_opt_group/results/ablation_study/voxel_weights_mean_foldavg_sub9_ses1_task1_bold0.6_beta0.6_smooth1.25_gamma1.5_bold_thr90.html
Saved: /scratch/st-mmckeown-1/zkavian/fmri_opt_group/results/ablation_study/voxel_weights_mean_foldavg_sub9_ses1_task1_bold0.6_beta0.6_smooth1.25_gamma1.5_bold_thr90.png
Saved: /scratch/st-mmckeown-1/zkavian/fmri_opt_group/results/ablation_study/voxel_weights_mean_foldavg_sub9_ses1_task1_bold0.6_beta0.6_smooth1.25_gamma1.5_bold_thr90.nii.gz
Saved: /scratch/st-mmckeown-1/zkavian/fmri_opt_group/results/ablation_study/voxel_weights_mean_foldavg_sub9_ses1_task1_bold0.6_beta0.6_smooth1.25_gamma1.5_bold_thr95.html
Saved: /scratch/st-mmckeown-1/zkavian/fmri_opt_group/results/ablation_study/voxel_weights_mean_foldavg_sub9_ses1_task1_bold0.6_beta0.6_smooth1.25_gamma1.5_bold_thr95.png
Saved: /scratch/st-mmckeown-1/zkavian/fmri_opt_group/results/ablation_study/voxel_weights_mean_foldavg_sub9_ses1_task1_bold0.6_beta0.6_smooth1.25_gamma1.5_bold_thr95.nii.gz
Saved: /scratch/st-mmckeown-1/zkavian/fmri_opt_group/results/ablation_study/voxel_weights_mean_foldavg_sub9_ses1_task1_bold0.6_beta0.6_smooth1.25_gamma1.5_bold_thr99.html
Saved: /scratch/st-mmckeown-1/zkavian/fmri_opt_group/results/ablation_study/voxel_weights_mean_foldavg_sub9_ses1_task1_bold0.6_beta0.6_smooth1.25_gamma1.5_bold_thr99.png
Saved: /scratch/st-mmckeown-1/zkavian/fmri_opt_group/results/ablation_study/voxel_weights_mean_foldavg_sub9_ses1_task1_bold0.6_beta0.6_smooth1.25_gamma1.5_bold_thr99.nii.gz

Saved original activation map: /scratch/st-mmckeown-1/zkavian/fmri_opt_group/results/ablation_study/voxel_weights_mean_foldavg_sub9_ses1_task1_bold0.6_beta0.6_smooth1.25_gamma1.5_bold_original.nii.gz

Processing complete!
==============================================

  ICC (bold corr across folds/voxels): 0.8604
  ICC (beta corr across folds/voxels): 0.7649

===== Cross-fold average metrics =====
task=0, bold=0, beta=0, smooth=1.25, gamma=1.5(folds contributing=10): train corr=0.0333 (p=0.0276), test corr=0.0764 (p=0.1136), avg loss train=0.0316, test=0.0316, gamma_ratio train=0.0316, test=0.0316
task=0, bold=0, beta=0.6, smooth=0, gamma=1.5(folds contributing=10): train corr=0.0170 (p=0.1798), test corr=0.0784 (p=0.1368), avg loss train=0.1524, test=0.1558, gamma_ratio train=0.1524, test=0.1558
task=0, bold=0.6, beta=0, smooth=0, gamma=1.5(folds contributing=10): train corr=0.0063 (p=0.3449), test corr=0.0603 (p=0.1854), avg loss train=0.1151, test=0.1368, gamma_ratio train=0.1151, test=0.1368
task=0, bold=0.6, beta=0.6, smooth=1.25, gamma=1.5(folds contributing=10): train corr=0.0099 (p=0.2875), test corr=0.0377 (p=0.2372), avg loss train=1.7158, test=1.8902, gamma_ratio train=1.7162, test=1.8927
task=1, bold=0, beta=0.6, smooth=1.25, gamma=1.5(folds contributing=10): train corr=0.0097 (p=0.2816), test corr=0.0581 (p=0.1806), avg loss train=1.8356, test=2.2525, gamma_ratio train=1.8358, test=2.2539
task=1, bold=0.6, beta=0, smooth=1.25, gamma=1.5(folds contributing=10): train corr=0.0083 (p=0.3009), test corr=0.0684 (p=0.1356), avg loss train=1.4184, test=1.9926, gamma_ratio train=1.4187, test=1.9945
task=1, bold=0.6, beta=0.6, smooth=1.25, gamma=1.5(folds contributing=10): train corr=0.0071 (p=0.3280), test corr=0.0664 (p=0.1400), avg loss train=2.3228, test=2.9442, gamma_ratio train=2.3230, test=2.9460
